!! ⚠️ PLEASE REVIEW THIS LOG FOR SENSITIVE INFORMATION BEFORE SHARING ⚠️ !!
Dart Code extension: 3.91.20240529
Flutter extension: 3.90.0 (not activated)

App: Visual Studio Code
App Host: desktop
Version: mac 1.89.1


Logging Categories:
    Analyzer

Wed Jun 05 2024 [11:44:04 GMT-0700 (Pacific Daylight Time)] Log file started
[11:44:04 AM] [Analyzer] [Info] Spawning /Users/polinach/_/platform/flutter/bin/cache/dart-sdk/bin/dart with args ["language-server","--protocol=lsp","--client-id=VS-Code","--client-version=3.91.20240529","--instrumentation-log-file=/Users/polinach/_/gen-ui-client-demo/logs/dart.analyzerInstrumentation.log"]
[11:44:04 AM] [Analyzer] [Info]     PID: 39134
[11:44:04 AM] [Analyzer] [Info] ==> Content-Length: 6600
[11:44:04 AM] [Analyzer] [Info] ==> {"jsonrpc":"2.0","id":0,"method":"initialize","params":{"processId":39072,"clientInfo":{"name":"Visual Studio Code","version":"1.89.1"},"locale":"en","rootPath":"/Users/polinach/_/gen-ui-client-demo","rootUri":"file:///Users/polinach/_/gen-ui-client-demo","capabilities":{"workspace":{"applyEdit":true,"workspaceEdit":{"documentChanges":true,"resourceOperations":["create","rename","delete"],"failureHandling":"textOnlyTransactional","normalizesLineEndings":true,"changeAnnotationSupport":{"groupsOnLabel":true}},"configuration":true,"didChangeWatchedFiles":{"dynamicRegistration":true,"relativePatternSupport":true},"symbol":{"dynamicRegistration":true,"symbolKind":{"valueSet":[1,2,3,4,5,6,7,8,9,10,11,12,13,14,15,16,17,18,19,20,21,22,23,24,25,26]},"tagSupport":{"valueSet":[1]},"resolveSupport":{"properties":["location.range"]}},"codeLens":{"refreshSupport":true},"executeCommand":{"dynamicRegistration":true},"didChangeConfiguration":{"dynamicRegistration":true},"workspaceFolders":true,"semanticTokens":{"refreshSupport":true},"fileOperations":{"dynamicRegistration":true,"didCreate":true,"didRename":true,"didDelete":true,"willCreate":true,"willRename":true,"willDelete":true},"inlineValue":{"refreshSupport":true},"inlayHint":{"refreshSupport":true},"diagnostics":{"refreshSupport":true}},"textDocument":{"publishDiagnostics":{"relatedInformation":true,"versionSupport":false,"tagSupport":{"valueSet":[1,2]},"codeDescriptionSupport":true,"dataSupport":true},"synchronization":{"dynamicRegistration":true,"willSave":true,"willSaveWaitUntil":true,"didSave":true},"completion":{"dynamicRegistration":true,"contextSupport":true,"completionItem":{"snippetSupport":true,"commitCharactersSupport":true,"documentationFormat":["markdown","plaintext"],"deprecatedSupport":true,"preselectSupport":true,"tagSupport":{"valueSet":[1]},"insertReplaceSupport":true,"resolveSupport":{"properties":["documentation","detail","additionalTextEdits"]},"insertTextModeSupport":{"valueSet":[1,2]},"labelDetailsSu…
[11:44:06 AM] [Analyzer] [Info] <== Content-Length: 883
Content-Type: application/vscode-jsonrpc; charset=utf-8

{"id":0,"jsonrpc":"2.0","result":{"capabilities":{"executeCommandProvider":{"commands":["dart.edit.sortMembers","dart.edit.organizeImports","dart.edit.fixAll","dart.edit.fixAllInWorkspace.preview","dart.edit.fixAllInWorkspace","dart.edit.sendWorkspaceEdit","refactor.perform","refactor.validate","dart.logAction","dart.refactor.convert_all_formal_parameters_to_named","dart.refactor.convert_selected_formal_parameters_to_named","dart.refactor.move_selected_formal_parameters_left","dart.refactor.move_top_level_to_file"],"workDoneProgress":true},"experimental":{"dartTextDocumentContentProvider":{"schemes":["dart-macro+file"]},"textDocument":{"super":{},"augmented":{},"augmentation":{}}},"workspace":{"workspaceFolders":{"changeNotifications":true,"supported":true}},"workspaceSymbolProvider":true},"serverInfo":{"name":"Dart SDK LSP Analysis Server","version":"3.5.0-222.0.dev"}}}
[11:44:06 AM] [Analyzer] [Info] ==> Content-Length: 86
[11:44:06 AM] [Analyzer] [Info] ==> {"jsonrpc":"2.0","method":"initialized","params":{},"clientRequestTime":1717613046196}
[11:44:06 AM] [Analyzer] [Info] <== Content-Length: 175
Content-Type: application/vscode-jsonrpc; charset=utf-8

{"id":1,"jsonrpc":"2.0","method":"workspace/configuration","params":{"items":[{"scopeUri":"file:///Users/polinach/_/gen-ui-client-demo","section":"dart"},{"section":"dart"}]}}
[11:44:06 AM] [Analyzer] [Info] ==> Content-Length: 7733
[11:44:06 AM] [Analyzer] [Info] ==> {"jsonrpc":"2.0","id":1,"result":[{"additionalAnalyzerFileExtensions":[],"analysisExcludedFolders":[],"analyzeAngularTemplates":true,"analyzerAdditionalArgs":[],"analyzerVmAdditionalArgs":[],"analyzerDiagnosticsPort":null,"analyzerPath":null,"analyzerSshHost":null,"analyzerVmServicePort":null,"includeDependenciesInWorkspaceSymbols":true,"notifyAnalyzerErrors":true,"onlyAnalyzeProjectsWithOpenFiles":false,"showTodos":false,"showExtensionRecommendations":true,"useLegacyAnalyzerProtocol":false,"updateDevTools":false,"devToolsBrowser":"chrome","devToolsPort":null,"devToolsReuseWindows":true,"devToolsTheme":"dark","devToolsLocation":{"default":"beside"},"openDevTools":"never","closeDevTools":"never","shareDevToolsWithFlutter":true,"showInspectorNotificationsForWidgetErrors":true,"customDevTools":{},"analysisServerFolding":true,"autoImportCompletions":true,"automaticCommentSlashes":"tripleSlash","closingLabels":true,"completeFunctionCalls":true,"documentation":"full","doNotFormat":[],"hotReloadPatterns":[],"enableCompletionCommitCharacters":false,"enableSdkFormatter":true,"enableSnippets":true,"insertArgumentPlaceholders":true,"lineLength":80,"lspSnippetTextEdits":true,"renameFilesWithClasses":"never","showDartPadSampleCodeLens":true,"showMainCodeLens":true,"showTestCodeLens":true,"updateImportsOnRename":true,"warnWhenEditingFilesOutsideWorkspace":true,"warnWhenEditingFilesInPubCache":true,"flutterAdbConnectOnChromeOs":false,"flutterAdditionalArgs":[],"flutterAttachAdditionalArgs":[],"flutterCreateAndroidLanguage":"kotlin","flutterCreateIOSLanguage":"swift","flutterCreatePlatforms":null,"offline":false,"flutterCreateOrganization":null,"flutterCustomEmulators":[],"flutterGutterIcons":true,"flutterHotReloadOnSave":"manual","hotReloadOnSave":"never","flutterGenerateLocalizationsOnSave":"never","flutterOutline":true,"flutterRunAdditionalArgs":[],"flutterScreenshotPath":null,"flutterRememberSelectedDevice":true,"flutterSelectDeviceWhenConnected":true,"flutterShowEmulators"…
[11:44:06 AM] [Analyzer] [Info] <== Content-Length: 6698
Content-Type: application/vscode-jsonrpc; charset=utf-8

{"id":2,"jsonrpc":"2.0","method":"client/registerCapability","params":{"registrations":[{"id":"0","method":"textDocument/prepareCallHierarchy","registerOptions":{"documentSelector":[{"language":"dart","scheme":"file"},{"language":"dart","scheme":"dart-macro+file"}]}},{"id":"1","method":"textDocument/codeAction","registerOptions":{"codeActionKinds":["source","source.organizeImports","source.fixAll","source.sortMembers","quickfix","refactor"],"documentSelector":[{"language":"dart","scheme":"file"},{"language":"dart","scheme":"dart-macro+file"}]}},{"id":"2","method":"textDocument/codeLens","registerOptions":{"documentSelector":[{"language":"dart","scheme":"file"},{"language":"dart","scheme":"dart-macro+file"}]}},{"id":"3","method":"textDocument/completion","registerOptions":{"completionItem":{"labelDetailsSupport":true},"documentSelector":[{"language":"dart","scheme":"file"},{"language":"dart","scheme":"dart-macro+file"}],"resolveProvider":true,"triggerCharacters":[".","=","(","$","\"","'","{","/",":"]}},{"id":"4","method":"textDocument/completion","registerOptions":{"documentSelector":[{"language":"yaml","pattern":"**/pubspec.yaml","scheme":"file"},{"language":"yaml","pattern":"**/analysis_options.yaml","scheme":"file"},{"language":"yaml","pattern":"**/lib/{fix_data.yaml,fix_data/**.yaml}","scheme":"file"}],"resolveProvider":true}},{"id":"5","method":"textDocument/definition","registerOptions":{"documentSelector":[{"language":"dart","scheme":"file"},{"language":"dart","scheme":"dart-macro+file"}]}},{"id":"6","method":"textDocument/documentLink","registerOptions":{"documentSelector":[{"language":"dart","scheme":"file"},{"language":"dart","scheme":"dart-macro+file"}],"resolveProvider":false}},{"id":"7","method":"textDocument/documentColor","registerOptions":{"documentSelector":[{"language":"dart","scheme":"file"},{"language":"dart","scheme":"dart-macro+file"}]}},{"id":"8","method":"text…
[11:44:06 AM] [Analyzer] [Info] ==> Content-Length: 72
[11:44:06 AM] [Analyzer] [Info] ==> {"jsonrpc":"2.0","id":2,"result":null,"clientRequestTime":1717613046650}
[11:44:06 AM] [Analyzer] [Info] <== Content-Length: 97
Content-Type: application/vscode-jsonrpc; charset=utf-8
[11:44:14 AM] [Analyzer] [Info] <== {"id":3,"jsonrpc":"2.0","method":"window/workDoneProgress/create","params":{"token":"ANALYZING"}}
[11:44:14 AM] [Analyzer] [Info] ==> Content-Length: 72
[11:44:14 AM] [Analyzer] [Info] ==> {"jsonrpc":"2.0","id":3,"result":null,"clientRequestTime":1717613054513}
[11:44:14 AM] [Analyzer] [Info] <== Content-Length: 118
Content-Type: application/vscode-jsonrpc; charset=utf-8
[11:44:14 AM] [Analyzer] [Info] <== {"jsonrpc":"2.0","method":"$/progress","params":{"token":"ANALYZING","value":{"kind":"begin","title":"Analyzing…"}}}
[11:44:14 AM] [Analyzer] [Info] <== Content-Length: 93
Content-Type: application/vscode-jsonrpc; charset=utf-8

{"jsonrpc":"2.0","method":"$/progress","params":{"token":"ANALYZING","value":{"kind":"end"}}}
[11:44:26 AM] [Analyzer] [Info] <== Content-Length: 97
Content-Type: application/vscode-jsonrpc; charset=utf-8
[11:44:26 AM] [Analyzer] [Info] <== {"id":4,"jsonrpc":"2.0","method":"window/workDoneProgress/create","params":{"token":"ANALYZING"}}
[11:44:26 AM] [Analyzer] [Info] ==> Content-Length: 72
[11:44:26 AM] [Analyzer] [Info] ==> {"jsonrpc":"2.0","id":4,"result":null,"clientRequestTime":1717613066768}
[11:44:26 AM] [Analyzer] [Info] <== Content-Length: 118
Content-Type: application/vscode-jsonrpc; charset=utf-8
[11:44:26 AM] [Analyzer] [Info] <== {"jsonrpc":"2.0","method":"$/progress","params":{"token":"ANALYZING","value":{"kind":"begin","title":"Analyzing…"}}}
[11:44:29 AM] [Analyzer] [Info] <== Content-Length: 93
Content-Type: application/vscode-jsonrpc; charset=utf-8
[11:44:29 AM] [Analyzer] [Info] <== {"jsonrpc":"2.0","method":"$/progress","params":{"token":"ANALYZING","value":{"kind":"end"}}}
[11:49:24 AM] [Analyzer] [Info] <== Content-Length: 97
Content-Type: application/vscode-jsonrpc; charset=utf-8
[11:49:24 AM] [Analyzer] [Info] <== {"id":5,"jsonrpc":"2.0","method":"window/workDoneProgress/create","params":{"token":"ANALYZING"}}
[11:49:24 AM] [Analyzer] [Info] ==> Content-Length: 72
[11:49:24 AM] [Analyzer] [Info] ==> {"jsonrpc":"2.0","id":5,"result":null,"clientRequestTime":1717613364756}
[11:49:24 AM] [Analyzer] [Info] <== Content-Length: 118
Content-Type: application/vscode-jsonrpc; charset=utf-8
[11:49:24 AM] [Analyzer] [Info] <== {"jsonrpc":"2.0","method":"$/progress","params":{"token":"ANALYZING","value":{"kind":"begin","title":"Analyzing…"}}}Content-Length: 93
Content-Type: application/vscode-jsonrpc; charset=utf-8
[11:49:24 AM] [Analyzer] [Info] <== {"jsonrpc":"2.0","method":"$/progress","params":{"token":"ANALYZING","value":{"kind":"end"}}}
[11:49:24 AM] [Analyzer] [Info] <== Content-Length: 97
Content-Type: application/vscode-jsonrpc; charset=utf-8
[11:49:24 AM] [Analyzer] [Info] <== {"id":6,"jsonrpc":"2.0","method":"window/workDoneProgress/create","params":{"token":"ANALYZING"}}
[11:49:24 AM] [Analyzer] [Info] ==> Content-Length: 72
[11:49:24 AM] [Analyzer] [Info] ==> {"jsonrpc":"2.0","id":6,"result":null,"clientRequestTime":1717613364865}
[11:49:24 AM] [Analyzer] [Info] <== Content-Length: 118
Content-Type: application/vscode-jsonrpc; charset=utf-8
[11:49:24 AM] [Analyzer] [Info] <== {"jsonrpc":"2.0","method":"$/progress","params":{"token":"ANALYZING","value":{"kind":"begin","title":"Analyzing…"}}}Content-Length: 93
Content-Type: application/vscode-jsonrpc; charset=utf-8
[11:49:24 AM] [Analyzer] [Info] <== {"jsonrpc":"2.0","method":"$/progress","params":{"token":"ANALYZING","value":{"kind":"end"}}}
[11:49:25 AM] [Analyzer] [Info] <== Content-Length: 97
Content-Type: application/vscode-jsonrpc; charset=utf-8
[11:49:25 AM] [Analyzer] [Info] <== {"id":7,"jsonrpc":"2.0","method":"window/workDoneProgress/create","params":{"token":"ANALYZING"}}
[11:49:25 AM] [Analyzer] [Info] ==> Content-Length: 72
[11:49:25 AM] [Analyzer] [Info] ==> {"jsonrpc":"2.0","id":7,"result":null,"clientRequestTime":1717613365186}
[11:49:26 AM] [Analyzer] [Info] <== Content-Length: 118
Content-Type: application/vscode-jsonrpc; charset=utf-8
[11:49:26 AM] [Analyzer] [Info] <== {"jsonrpc":"2.0","method":"$/progress","params":{"token":"ANALYZING","value":{"kind":"begin","title":"Analyzing…"}}}
[11:49:26 AM] [Analyzer] [Info] <== Content-Length: 93
Content-Type: application/vscode-jsonrpc; charset=utf-8

{"jsonrpc":"2.0","method":"$/progress","params":{"token":"ANALYZING","value":{"kind":"end"}}}
[11:49:31 AM] [Analyzer] [Info] <== Content-Length: 97
Content-Type: application/vscode-jsonrpc; charset=utf-8
[11:49:31 AM] [Analyzer] [Info] <== {"id":8,"jsonrpc":"2.0","method":"window/workDoneProgress/create","params":{"token":"ANALYZING"}}
[11:49:31 AM] [Analyzer] [Info] ==> Content-Length: 72
[11:49:31 AM] [Analyzer] [Info] ==> {"jsonrpc":"2.0","id":8,"result":null,"clientRequestTime":1717613371588}
[11:49:31 AM] [Analyzer] [Info] <== Content-Length: 118
Content-Type: application/vscode-jsonrpc; charset=utf-8
[11:49:31 AM] [Analyzer] [Info] <== {"jsonrpc":"2.0","method":"$/progress","params":{"token":"ANALYZING","value":{"kind":"begin","title":"Analyzing…"}}}
[11:49:31 AM] [Analyzer] [Info] <== Content-Length: 93
Content-Type: application/vscode-jsonrpc; charset=utf-8
[11:49:31 AM] [Analyzer] [Info] <== {"jsonrpc":"2.0","method":"$/progress","params":{"token":"ANALYZING","value":{"kind":"end"}}}
[11:49:32 AM] [Analyzer] [Info] <== Content-Length: 97
Content-Type: application/vscode-jsonrpc; charset=utf-8
[11:49:32 AM] [Analyzer] [Info] <== {"id":9,"jsonrpc":"2.0","method":"window/workDoneProgress/create","params":{"token":"ANALYZING"}}
[11:49:32 AM] [Analyzer] [Info] ==> Content-Length: 72
[11:49:32 AM] [Analyzer] [Info] ==> {"jsonrpc":"2.0","id":9,"result":null,"clientRequestTime":1717613372190}
[11:49:32 AM] [Analyzer] [Info] <== Content-Length: 118
Content-Type: application/vscode-jsonrpc; charset=utf-8
[11:49:32 AM] [Analyzer] [Info] <== {"jsonrpc":"2.0","method":"$/progress","params":{"token":"ANALYZING","value":{"kind":"begin","title":"Analyzing…"}}}
[11:49:32 AM] [Analyzer] [Info] <== Content-Length: 93
Content-Type: application/vscode-jsonrpc; charset=utf-8

{"jsonrpc":"2.0","method":"$/progress","params":{"token":"ANALYZING","value":{"kind":"end"}}}
[11:49:43 AM] [Analyzer] [Info] <== Content-Length: 98
Content-Type: application/vscode-jsonrpc; charset=utf-8
[11:49:43 AM] [Analyzer] [Info] <== {"id":10,"jsonrpc":"2.0","method":"window/workDoneProgress/create","params":{"token":"ANALYZING"}}
[11:49:43 AM] [Analyzer] [Info] ==> Content-Length: 73
[11:49:43 AM] [Analyzer] [Info] ==> {"jsonrpc":"2.0","id":10,"result":null,"clientRequestTime":1717613383657}
[11:49:43 AM] [Analyzer] [Info] <== Content-Length: 118
Content-Type: application/vscode-jsonrpc; charset=utf-8
[11:49:43 AM] [Analyzer] [Info] <== {"jsonrpc":"2.0","method":"$/progress","params":{"token":"ANALYZING","value":{"kind":"begin","title":"Analyzing…"}}}Content-Length: 93
Content-Type: application/vscode-jsonrpc; charset=utf-8

{"jsonrpc":"2.0","method":"$/progress","params":{"token":"ANALYZING","value":{"kind":"end"}}}
[11:49:43 AM] [Analyzer] [Info] <== Content-Length: 98
Content-Type: application/vscode-jsonrpc; charset=utf-8
[11:49:43 AM] [Analyzer] [Info] <== {"id":11,"jsonrpc":"2.0","method":"window/workDoneProgress/create","params":{"token":"ANALYZING"}}
[11:49:43 AM] [Analyzer] [Info] ==> Content-Length: 73
[11:49:43 AM] [Analyzer] [Info] ==> {"jsonrpc":"2.0","id":11,"result":null,"clientRequestTime":1717613383959}
[11:49:43 AM] [Analyzer] [Info] <== Content-Length: 118
Content-Type: application/vscode-jsonrpc; charset=utf-8
[11:49:43 AM] [Analyzer] [Info] <== {"jsonrpc":"2.0","method":"$/progress","params":{"token":"ANALYZING","value":{"kind":"begin","title":"Analyzing…"}}}Content-Length: 93
Content-Type: application/vscode-jsonrpc; charset=utf-8
[11:49:43 AM] [Analyzer] [Info] <== {"jsonrpc":"2.0","method":"$/progress","params":{"token":"ANALYZING","value":{"kind":"end"}}}
[11:49:44 AM] [Analyzer] [Info] <== Content-Length: 98
Content-Type: application/vscode-jsonrpc; charset=utf-8
[11:49:44 AM] [Analyzer] [Info] <== {"id":12,"jsonrpc":"2.0","method":"window/workDoneProgress/create","params":{"token":"ANALYZING"}}
[11:49:44 AM] [Analyzer] [Info] ==> Content-Length: 73
[11:49:44 AM] [Analyzer] [Info] ==> {"jsonrpc":"2.0","id":12,"result":null,"clientRequestTime":1717613384060}
[11:49:44 AM] [Analyzer] [Info] <== Content-Length: 118
Content-Type: application/vscode-jsonrpc; charset=utf-8
[11:49:44 AM] [Analyzer] [Info] <== {"jsonrpc":"2.0","method":"$/progress","params":{"token":"ANALYZING","value":{"kind":"begin","title":"Analyzing…"}}}Content-Length: 93
Content-Type: application/vscode-jsonrpc; charset=utf-8
[11:49:44 AM] [Analyzer] [Info] <== {"jsonrpc":"2.0","method":"$/progress","params":{"token":"ANALYZING","value":{"kind":"end"}}}
[11:49:44 AM] [Analyzer] [Info] <== Content-Length: 98
Content-Type: application/vscode-jsonrpc; charset=utf-8
[11:49:44 AM] [Analyzer] [Info] <== {"id":13,"jsonrpc":"2.0","method":"window/workDoneProgress/create","params":{"token":"ANALYZING"}}
[11:49:44 AM] [Analyzer] [Info] ==> Content-Length: 73
[11:49:44 AM] [Analyzer] [Info] ==> {"jsonrpc":"2.0","id":13,"result":null,"clientRequestTime":1717613384380}
[11:49:44 AM] [Analyzer] [Info] <== Content-Length: 118
Content-Type: application/vscode-jsonrpc; charset=utf-8
[11:49:44 AM] [Analyzer] [Info] <== {"jsonrpc":"2.0","method":"$/progress","params":{"token":"ANALYZING","value":{"kind":"begin","title":"Analyzing…"}}}Content-Length: 93
Content-Type: application/vscode-jsonrpc; charset=utf-8

{"jsonrpc":"2.0","method":"$/progress","params":{"token":"ANALYZING","value":{"kind":"end"}}}
[11:49:44 AM] [Analyzer] [Info] <== Content-Length: 98
Content-Type: application/vscode-jsonrpc; charset=utf-8
[11:49:44 AM] [Analyzer] [Info] <== {"id":14,"jsonrpc":"2.0","method":"window/workDoneProgress/create","params":{"token":"ANALYZING"}}
[11:49:44 AM] [Analyzer] [Info] ==> Content-Length: 73
[11:49:44 AM] [Analyzer] [Info] ==> {"jsonrpc":"2.0","id":14,"result":null,"clientRequestTime":1717613384704}
[11:49:44 AM] [Analyzer] [Info] <== Content-Length: 118
Content-Type: application/vscode-jsonrpc; charset=utf-8
[11:49:44 AM] [Analyzer] [Info] <== {"jsonrpc":"2.0","method":"$/progress","params":{"token":"ANALYZING","value":{"kind":"begin","title":"Analyzing…"}}}Content-Length: 93
Content-Type: application/vscode-jsonrpc; charset=utf-8
[11:49:44 AM] [Analyzer] [Info] <== {"jsonrpc":"2.0","method":"$/progress","params":{"token":"ANALYZING","value":{"kind":"end"}}}
[11:49:46 AM] [Analyzer] [Info] <== Content-Length: 98
Content-Type: application/vscode-jsonrpc; charset=utf-8
[11:49:46 AM] [Analyzer] [Info] <== {"id":15,"jsonrpc":"2.0","method":"window/workDoneProgress/create","params":{"token":"ANALYZING"}}
[11:49:46 AM] [Analyzer] [Info] ==> Content-Length: 73
[11:49:46 AM] [Analyzer] [Info] ==> {"jsonrpc":"2.0","id":15,"result":null,"clientRequestTime":1717613386646}
[11:49:46 AM] [Analyzer] [Info] <== Content-Length: 118
Content-Type: application/vscode-jsonrpc; charset=utf-8
[11:49:46 AM] [Analyzer] [Info] <== {"jsonrpc":"2.0","method":"$/progress","params":{"token":"ANALYZING","value":{"kind":"begin","title":"Analyzing…"}}}
[11:49:46 AM] [Analyzer] [Info] <== Content-Length: 93
Content-Type: application/vscode-jsonrpc; charset=utf-8

{"jsonrpc":"2.0","method":"$/progress","params":{"token":"ANALYZING","value":{"kind":"end"}}}
[11:49:46 AM] [Analyzer] [Info] <== Content-Length: 98
Content-Type: application/vscode-jsonrpc; charset=utf-8
[11:49:46 AM] [Analyzer] [Info] <== {"id":16,"jsonrpc":"2.0","method":"window/workDoneProgress/create","params":{"token":"ANALYZING"}}
[11:49:46 AM] [Analyzer] [Info] ==> Content-Length: 73
[11:49:46 AM] [Analyzer] [Info] ==> {"jsonrpc":"2.0","id":16,"result":null,"clientRequestTime":1717613386781}
[11:49:46 AM] [Analyzer] [Info] <== Content-Length: 118
Content-Type: application/vscode-jsonrpc; charset=utf-8
[11:49:46 AM] [Analyzer] [Info] <== {"jsonrpc":"2.0","method":"$/progress","params":{"token":"ANALYZING","value":{"kind":"begin","title":"Analyzing…"}}}Content-Length: 93
Content-Type: application/vscode-jsonrpc; charset=utf-8
[11:49:46 AM] [Analyzer] [Info] <== {"jsonrpc":"2.0","method":"$/progress","params":{"token":"ANALYZING","value":{"kind":"end"}}}
[11:49:46 AM] [Analyzer] [Info] <== Content-Length: 98
Content-Type: application/vscode-jsonrpc; charset=utf-8
[11:49:46 AM] [Analyzer] [Info] <== {"id":17,"jsonrpc":"2.0","method":"window/workDoneProgress/create","params":{"token":"ANALYZING"}}
[11:49:46 AM] [Analyzer] [Info] ==> Content-Length: 73
[11:49:46 AM] [Analyzer] [Info] ==> {"jsonrpc":"2.0","id":17,"result":null,"clientRequestTime":1717613386879}
[11:49:46 AM] [Analyzer] [Info] <== Content-Length: 118
Content-Type: application/vscode-jsonrpc; charset=utf-8

{"jsonrpc":"2.0","method":"$/progress","params":{"token":"ANALYZING","value":{"kind":"begin","title":"Analyzing…"}}}
[11:49:46 AM] [Analyzer] [Info] <== Content-Length: 93
Content-Type: application/vscode-jsonrpc; charset=utf-8

{"jsonrpc":"2.0","method":"$/progress","params":{"token":"ANALYZING","value":{"kind":"end"}}}
[11:49:46 AM] [Analyzer] [Info] <== Content-Length: 98
Content-Type: application/vscode-jsonrpc; charset=utf-8
[11:49:46 AM] [Analyzer] [Info] <== {"id":18,"jsonrpc":"2.0","method":"window/workDoneProgress/create","params":{"token":"ANALYZING"}}
[11:49:46 AM] [Analyzer] [Info] ==> Content-Length: 73
[11:49:46 AM] [Analyzer] [Info] ==> {"jsonrpc":"2.0","id":18,"result":null,"clientRequestTime":1717613386989}
[11:49:46 AM] [Analyzer] [Info] <== Content-Length: 118
Content-Type: application/vscode-jsonrpc; charset=utf-8
[11:49:46 AM] [Analyzer] [Info] <== {"jsonrpc":"2.0","method":"$/progress","params":{"token":"ANALYZING","value":{"kind":"begin","title":"Analyzing…"}}}
[11:49:46 AM] [Analyzer] [Info] <== Content-Length: 93
Content-Type: application/vscode-jsonrpc; charset=utf-8

{"jsonrpc":"2.0","method":"$/progress","params":{"token":"ANALYZING","value":{"kind":"end"}}}
[11:49:47 AM] [Analyzer] [Info] <== Content-Length: 98
Content-Type: application/vscode-jsonrpc; charset=utf-8
[11:49:47 AM] [Analyzer] [Info] <== {"id":19,"jsonrpc":"2.0","method":"window/workDoneProgress/create","params":{"token":"ANALYZING"}}
[11:49:47 AM] [Analyzer] [Info] ==> Content-Length: 73
[11:49:47 AM] [Analyzer] [Info] ==> {"jsonrpc":"2.0","id":19,"result":null,"clientRequestTime":1717613387090}
[11:49:47 AM] [Analyzer] [Info] <== Content-Length: 118
Content-Type: application/vscode-jsonrpc; charset=utf-8
[11:49:47 AM] [Analyzer] [Info] <== {"jsonrpc":"2.0","method":"$/progress","params":{"token":"ANALYZING","value":{"kind":"begin","title":"Analyzing…"}}}Content-Length: 93
Content-Type: application/vscode-jsonrpc; charset=utf-8
[11:49:47 AM] [Analyzer] [Info] <== {"jsonrpc":"2.0","method":"$/progress","params":{"token":"ANALYZING","value":{"kind":"end"}}}
[11:49:47 AM] [Analyzer] [Info] <== Content-Length: 98
Content-Type: application/vscode-jsonrpc; charset=utf-8
[11:49:47 AM] [Analyzer] [Info] <== {"id":20,"jsonrpc":"2.0","method":"window/workDoneProgress/create","params":{"token":"ANALYZING"}}
[11:49:47 AM] [Analyzer] [Info] ==> Content-Length: 73
[11:49:47 AM] [Analyzer] [Info] ==> {"jsonrpc":"2.0","id":20,"result":null,"clientRequestTime":1717613387190}
[11:49:47 AM] [Analyzer] [Info] <== Content-Length: 118
Content-Type: application/vscode-jsonrpc; charset=utf-8
[11:49:47 AM] [Analyzer] [Info] <== {"jsonrpc":"2.0","method":"$/progress","params":{"token":"ANALYZING","value":{"kind":"begin","title":"Analyzing…"}}}
[11:49:47 AM] [Analyzer] [Info] <== Content-Length: 93
Content-Type: application/vscode-jsonrpc; charset=utf-8

{"jsonrpc":"2.0","method":"$/progress","params":{"token":"ANALYZING","value":{"kind":"end"}}}
[11:50:13 AM] [Analyzer] [Info] <== Content-Length: 98
Content-Type: application/vscode-jsonrpc; charset=utf-8
[11:50:13 AM] [Analyzer] [Info] <== {"id":21,"jsonrpc":"2.0","method":"window/workDoneProgress/create","params":{"token":"ANALYZING"}}
[11:50:13 AM] [Analyzer] [Info] ==> Content-Length: 73
[11:50:13 AM] [Analyzer] [Info] ==> {"jsonrpc":"2.0","id":21,"result":null,"clientRequestTime":1717613413206}
[11:50:13 AM] [Analyzer] [Info] <== Content-Length: 118
Content-Type: application/vscode-jsonrpc; charset=utf-8
[11:50:13 AM] [Analyzer] [Info] <== {"jsonrpc":"2.0","method":"$/progress","params":{"token":"ANALYZING","value":{"kind":"begin","title":"Analyzing…"}}}Content-Length: 93
Content-Type: application/vscode-jsonrpc; charset=utf-8
[11:50:13 AM] [Analyzer] [Info] <== {"jsonrpc":"2.0","method":"$/progress","params":{"token":"ANALYZING","value":{"kind":"end"}}}
[11:50:16 AM] [Analyzer] [Info] <== Content-Length: 98
Content-Type: application/vscode-jsonrpc; charset=utf-8
[11:50:16 AM] [Analyzer] [Info] <== {"id":22,"jsonrpc":"2.0","method":"window/workDoneProgress/create","params":{"token":"ANALYZING"}}
[11:50:16 AM] [Analyzer] [Info] ==> Content-Length: 73
[11:50:16 AM] [Analyzer] [Info] ==> {"jsonrpc":"2.0","id":22,"result":null,"clientRequestTime":1717613416715}
[11:50:16 AM] [Analyzer] [Info] <== Content-Length: 118
Content-Type: application/vscode-jsonrpc; charset=utf-8
[11:50:16 AM] [Analyzer] [Info] <== {"jsonrpc":"2.0","method":"$/progress","params":{"token":"ANALYZING","value":{"kind":"begin","title":"Analyzing…"}}}Content-Length: 93
Content-Type: application/vscode-jsonrpc; charset=utf-8
[11:50:16 AM] [Analyzer] [Info] <== {"jsonrpc":"2.0","method":"$/progress","params":{"token":"ANALYZING","value":{"kind":"end"}}}
[11:50:16 AM] [Analyzer] [Info] <== Content-Length: 98
Content-Type: application/vscode-jsonrpc; charset=utf-8
[11:50:16 AM] [Analyzer] [Info] <== {"id":23,"jsonrpc":"2.0","method":"window/workDoneProgress/create","params":{"token":"ANALYZING"}}
[11:50:16 AM] [Analyzer] [Info] ==> Content-Length: 73
[11:50:16 AM] [Analyzer] [Info] ==> {"jsonrpc":"2.0","id":23,"result":null,"clientRequestTime":1717613416917}
[11:50:16 AM] [Analyzer] [Info] <== Content-Length: 118
Content-Type: application/vscode-jsonrpc; charset=utf-8
[11:50:16 AM] [Analyzer] [Info] <== {"jsonrpc":"2.0","method":"$/progress","params":{"token":"ANALYZING","value":{"kind":"begin","title":"Analyzing…"}}}
[11:50:16 AM] [Analyzer] [Info] <== Content-Length: 93
Content-Type: application/vscode-jsonrpc; charset=utf-8

{"jsonrpc":"2.0","method":"$/progress","params":{"token":"ANALYZING","value":{"kind":"end"}}}
[11:50:17 AM] [Analyzer] [Info] <== Content-Length: 98
Content-Type: application/vscode-jsonrpc; charset=utf-8
[11:50:17 AM] [Analyzer] [Info] <== {"id":24,"jsonrpc":"2.0","method":"window/workDoneProgress/create","params":{"token":"ANALYZING"}}
[11:50:17 AM] [Analyzer] [Info] ==> Content-Length: 73
[11:50:17 AM] [Analyzer] [Info] ==> {"jsonrpc":"2.0","id":24,"result":null,"clientRequestTime":1717613417103}
[11:50:17 AM] [Analyzer] [Info] <== Content-Length: 118
Content-Type: application/vscode-jsonrpc; charset=utf-8
[11:50:17 AM] [Analyzer] [Info] <== {"jsonrpc":"2.0","method":"$/progress","params":{"token":"ANALYZING","value":{"kind":"begin","title":"Analyzing…"}}}Content-Length: 93
Content-Type: application/vscode-jsonrpc; charset=utf-8
[11:50:17 AM] [Analyzer] [Info] <== {"jsonrpc":"2.0","method":"$/progress","params":{"token":"ANALYZING","value":{"kind":"end"}}}
[11:50:17 AM] [Analyzer] [Info] <== Content-Length: 98
Content-Type: application/vscode-jsonrpc; charset=utf-8
[11:50:17 AM] [Analyzer] [Info] <== {"id":25,"jsonrpc":"2.0","method":"window/workDoneProgress/create","params":{"token":"ANALYZING"}}
[11:50:17 AM] [Analyzer] [Info] ==> Content-Length: 73
[11:50:17 AM] [Analyzer] [Info] ==> {"jsonrpc":"2.0","id":25,"result":null,"clientRequestTime":1717613417204}
[11:50:17 AM] [Analyzer] [Info] <== Content-Length: 118
Content-Type: application/vscode-jsonrpc; charset=utf-8

{"jsonrpc":"2.0","method":"$/progress","params":{"token":"ANALYZING","value":{"kind":"begin","title":"Analyzing…"}}}
[11:50:17 AM] [Analyzer] [Info] <== Content-Length: 93
Content-Type: application/vscode-jsonrpc; charset=utf-8

{"jsonrpc":"2.0","method":"$/progress","params":{"token":"ANALYZING","value":{"kind":"end"}}}
[11:50:17 AM] [Analyzer] [Info] <== Content-Length: 98
Content-Type: application/vscode-jsonrpc; charset=utf-8
[11:50:17 AM] [Analyzer] [Info] <== {"id":26,"jsonrpc":"2.0","method":"window/workDoneProgress/create","params":{"token":"ANALYZING"}}
[11:50:17 AM] [Analyzer] [Info] ==> Content-Length: 73
[11:50:17 AM] [Analyzer] [Info] ==> {"jsonrpc":"2.0","id":26,"result":null,"clientRequestTime":1717613417306}
[11:50:17 AM] [Analyzer] [Info] <== Content-Length: 118
Content-Type: application/vscode-jsonrpc; charset=utf-8
[11:50:17 AM] [Analyzer] [Info] <== {"jsonrpc":"2.0","method":"$/progress","params":{"token":"ANALYZING","value":{"kind":"begin","title":"Analyzing…"}}}
[11:50:17 AM] [Analyzer] [Info] <== Content-Length: 93
Content-Type: application/vscode-jsonrpc; charset=utf-8
[11:50:17 AM] [Analyzer] [Info] <== {"jsonrpc":"2.0","method":"$/progress","params":{"token":"ANALYZING","value":{"kind":"end"}}}
[11:50:17 AM] [Analyzer] [Info] <== Content-Length: 98
Content-Type: application/vscode-jsonrpc; charset=utf-8
[11:50:17 AM] [Analyzer] [Info] <== {"id":27,"jsonrpc":"2.0","method":"window/workDoneProgress/create","params":{"token":"ANALYZING"}}
[11:50:17 AM] [Analyzer] [Info] ==> Content-Length: 73
[11:50:17 AM] [Analyzer] [Info] ==> {"jsonrpc":"2.0","id":27,"result":null,"clientRequestTime":1717613417926}
[11:50:17 AM] [Analyzer] [Info] <== Content-Length: 118
Content-Type: application/vscode-jsonrpc; charset=utf-8
[11:50:17 AM] [Analyzer] [Info] <== {"jsonrpc":"2.0","method":"$/progress","params":{"token":"ANALYZING","value":{"kind":"begin","title":"Analyzing…"}}}
[11:50:17 AM] [Analyzer] [Info] <== Content-Length: 93
Content-Type: application/vscode-jsonrpc; charset=utf-8

{"jsonrpc":"2.0","method":"$/progress","params":{"token":"ANALYZING","value":{"kind":"end"}}}
[11:50:18 AM] [Analyzer] [Info] <== Content-Length: 98
Content-Type: application/vscode-jsonrpc; charset=utf-8
[11:50:18 AM] [Analyzer] [Info] <== {"id":28,"jsonrpc":"2.0","method":"window/workDoneProgress/create","params":{"token":"ANALYZING"}}
[11:50:18 AM] [Analyzer] [Info] ==> Content-Length: 73
[11:50:18 AM] [Analyzer] [Info] ==> {"jsonrpc":"2.0","id":28,"result":null,"clientRequestTime":1717613418715}
[11:50:18 AM] [Analyzer] [Info] <== Content-Length: 118
Content-Type: application/vscode-jsonrpc; charset=utf-8
[11:50:18 AM] [Analyzer] [Info] <== {"jsonrpc":"2.0","method":"$/progress","params":{"token":"ANALYZING","value":{"kind":"begin","title":"Analyzing…"}}}Content-Length: 93
Content-Type: application/vscode-jsonrpc; charset=utf-8
[11:50:18 AM] [Analyzer] [Info] <== {"jsonrpc":"2.0","method":"$/progress","params":{"token":"ANALYZING","value":{"kind":"end"}}}
[11:50:18 AM] [Analyzer] [Info] <== Content-Length: 98
Content-Type: application/vscode-jsonrpc; charset=utf-8
[11:50:18 AM] [Analyzer] [Info] <== {"id":29,"jsonrpc":"2.0","method":"window/workDoneProgress/create","params":{"token":"ANALYZING"}}
[11:50:18 AM] [Analyzer] [Info] ==> Content-Length: 73
[11:50:18 AM] [Analyzer] [Info] ==> {"jsonrpc":"2.0","id":29,"result":null,"clientRequestTime":1717613418816}
[11:50:18 AM] [Analyzer] [Info] <== Content-Length: 118
Content-Type: application/vscode-jsonrpc; charset=utf-8
[11:50:18 AM] [Analyzer] [Info] <== {"jsonrpc":"2.0","method":"$/progress","params":{"token":"ANALYZING","value":{"kind":"begin","title":"Analyzing…"}}}
[11:50:18 AM] [Analyzer] [Info] <== Content-Length: 93
Content-Type: application/vscode-jsonrpc; charset=utf-8

{"jsonrpc":"2.0","method":"$/progress","params":{"token":"ANALYZING","value":{"kind":"end"}}}
[11:50:18 AM] [Analyzer] [Info] <== Content-Length: 98
Content-Type: application/vscode-jsonrpc; charset=utf-8
[11:50:18 AM] [Analyzer] [Info] <== {"id":30,"jsonrpc":"2.0","method":"window/workDoneProgress/create","params":{"token":"ANALYZING"}}
[11:50:18 AM] [Analyzer] [Info] ==> Content-Length: 73
[11:50:18 AM] [Analyzer] [Info] ==> {"jsonrpc":"2.0","id":30,"result":null,"clientRequestTime":1717613418915}
[11:50:18 AM] [Analyzer] [Info] <== Content-Length: 118
Content-Type: application/vscode-jsonrpc; charset=utf-8
[11:50:18 AM] [Analyzer] [Info] <== {"jsonrpc":"2.0","method":"$/progress","params":{"token":"ANALYZING","value":{"kind":"begin","title":"Analyzing…"}}}Content-Length: 93
Content-Type: application/vscode-jsonrpc; charset=utf-8

{"jsonrpc":"2.0","method":"$/progress","params":{"token":"ANALYZING","value":{"kind":"end"}}}
[11:50:19 AM] [Analyzer] [Info] <== Content-Length: 98
Content-Type: application/vscode-jsonrpc; charset=utf-8
[11:50:19 AM] [Analyzer] [Info] <== {"id":31,"jsonrpc":"2.0","method":"window/workDoneProgress/create","params":{"token":"ANALYZING"}}
[11:50:19 AM] [Analyzer] [Info] ==> Content-Length: 73
[11:50:19 AM] [Analyzer] [Info] ==> {"jsonrpc":"2.0","id":31,"result":null,"clientRequestTime":1717613419217}
[11:50:19 AM] [Analyzer] [Info] <== Content-Length: 118
Content-Type: application/vscode-jsonrpc; charset=utf-8
[11:50:19 AM] [Analyzer] [Info] <== {"jsonrpc":"2.0","method":"$/progress","params":{"token":"ANALYZING","value":{"kind":"begin","title":"Analyzing…"}}}
[11:50:19 AM] [Analyzer] [Info] <== Content-Length: 93
Content-Type: application/vscode-jsonrpc; charset=utf-8
[11:50:19 AM] [Analyzer] [Info] <== {"jsonrpc":"2.0","method":"$/progress","params":{"token":"ANALYZING","value":{"kind":"end"}}}
[12:22:21 PM] [Analyzer] [Info] <== Content-Length: 98
Content-Type: application/vscode-jsonrpc; charset=utf-8
[12:22:21 PM] [Analyzer] [Info] <== {"id":32,"jsonrpc":"2.0","method":"window/workDoneProgress/create","params":{"token":"ANALYZING"}}
[12:22:21 PM] [Analyzer] [Info] ==> Content-Length: 73
[12:22:21 PM] [Analyzer] [Info] ==> {"jsonrpc":"2.0","id":32,"result":null,"clientRequestTime":1717615341231}
[12:22:21 PM] [Analyzer] [Info] <== Content-Length: 118
Content-Type: application/vscode-jsonrpc; charset=utf-8

{"jsonrpc":"2.0","method":"$/progress","params":{"token":"ANALYZING","value":{"kind":"begin","title":"Analyzing…"}}}
[12:22:21 PM] [Analyzer] [Info] <== Content-Length: 93
Content-Type: application/vscode-jsonrpc; charset=utf-8

{"jsonrpc":"2.0","method":"$/progress","params":{"token":"ANALYZING","value":{"kind":"end"}}}
[12:22:21 PM] [Analyzer] [Info] <== Content-Length: 98
Content-Type: application/vscode-jsonrpc; charset=utf-8
[12:22:21 PM] [Analyzer] [Info] <== {"id":33,"jsonrpc":"2.0","method":"window/workDoneProgress/create","params":{"token":"ANALYZING"}}
[12:22:21 PM] [Analyzer] [Info] ==> Content-Length: 73
[12:22:21 PM] [Analyzer] [Info] ==> {"jsonrpc":"2.0","id":33,"result":null,"clientRequestTime":1717615341332}
[12:22:21 PM] [Analyzer] [Info] <== Content-Length: 118
Content-Type: application/vscode-jsonrpc; charset=utf-8
[12:22:21 PM] [Analyzer] [Info] <== {"jsonrpc":"2.0","method":"$/progress","params":{"token":"ANALYZING","value":{"kind":"begin","title":"Analyzing…"}}}
[12:22:21 PM] [Analyzer] [Info] <== Content-Length: 93
Content-Type: application/vscode-jsonrpc; charset=utf-8

{"jsonrpc":"2.0","method":"$/progress","params":{"token":"ANALYZING","value":{"kind":"end"}}}
[12:22:21 PM] [Analyzer] [Info] <== Content-Length: 98
Content-Type: application/vscode-jsonrpc; charset=utf-8
[12:22:21 PM] [Analyzer] [Info] <== {"id":34,"jsonrpc":"2.0","method":"window/workDoneProgress/create","params":{"token":"ANALYZING"}}
[12:22:21 PM] [Analyzer] [Info] ==> Content-Length: 73
[12:22:21 PM] [Analyzer] [Info] ==> {"jsonrpc":"2.0","id":34,"result":null,"clientRequestTime":1717615341750}
[12:22:21 PM] [Analyzer] [Info] <== Content-Length: 118
Content-Type: application/vscode-jsonrpc; charset=utf-8
[12:22:21 PM] [Analyzer] [Info] <== {"jsonrpc":"2.0","method":"$/progress","params":{"token":"ANALYZING","value":{"kind":"begin","title":"Analyzing…"}}}Content-Length: 93
Content-Type: application/vscode-jsonrpc; charset=utf-8

{"jsonrpc":"2.0","method":"$/progress","params":{"token":"ANALYZING","value":{"kind":"end"}}}
[12:22:22 PM] [Analyzer] [Info] <== Content-Length: 98
Content-Type: application/vscode-jsonrpc; charset=utf-8
[12:22:22 PM] [Analyzer] [Info] <== {"id":35,"jsonrpc":"2.0","method":"window/workDoneProgress/create","params":{"token":"ANALYZING"}}
[12:22:22 PM] [Analyzer] [Info] ==> Content-Length: 73
[12:22:22 PM] [Analyzer] [Info] ==> {"jsonrpc":"2.0","id":35,"result":null,"clientRequestTime":1717615342064}
[12:22:22 PM] [Analyzer] [Info] <== Content-Length: 118
Content-Type: application/vscode-jsonrpc; charset=utf-8
[12:22:22 PM] [Analyzer] [Info] <== {"jsonrpc":"2.0","method":"$/progress","params":{"token":"ANALYZING","value":{"kind":"begin","title":"Analyzing…"}}}
[12:22:22 PM] [Analyzer] [Info] <== Content-Length: 93
Content-Type: application/vscode-jsonrpc; charset=utf-8

{"jsonrpc":"2.0","method":"$/progress","params":{"token":"ANALYZING","value":{"kind":"end"}}}
[12:24:25 PM] [Analyzer] [Info] <== Content-Length: 98
Content-Type: application/vscode-jsonrpc; charset=utf-8
[12:24:25 PM] [Analyzer] [Info] <== {"id":36,"jsonrpc":"2.0","method":"window/workDoneProgress/create","params":{"token":"ANALYZING"}}
[12:24:25 PM] [Analyzer] [Info] ==> Content-Length: 73
[12:24:25 PM] [Analyzer] [Info] ==> {"jsonrpc":"2.0","id":36,"result":null,"clientRequestTime":1717615465366}
[12:24:25 PM] [Analyzer] [Info] <== Content-Length: 118
Content-Type: application/vscode-jsonrpc; charset=utf-8

{"jsonrpc":"2.0","method":"$/progress","params":{"token":"ANALYZING","value":{"kind":"begin","title":"Analyzing…"}}}Content-Length: 93
Content-Type: application/vscode-jsonrpc; charset=utf-8
[12:24:25 PM] [Analyzer] [Info] <== {"jsonrpc":"2.0","method":"$/progress","params":{"token":"ANALYZING","value":{"kind":"end"}}}
[12:25:47 PM] [Analyzer] [Info] <== Content-Length: 98
Content-Type: application/vscode-jsonrpc; charset=utf-8
[12:25:47 PM] [Analyzer] [Info] <== {"id":37,"jsonrpc":"2.0","method":"window/workDoneProgress/create","params":{"token":"ANALYZING"}}
[12:25:47 PM] [Analyzer] [Info] ==> Content-Length: 73
[12:25:47 PM] [Analyzer] [Info] ==> {"jsonrpc":"2.0","id":37,"result":null,"clientRequestTime":1717615547157}
[12:25:47 PM] [Analyzer] [Info] <== Content-Length: 118
Content-Type: application/vscode-jsonrpc; charset=utf-8
[12:25:47 PM] [Analyzer] [Info] <== {"jsonrpc":"2.0","method":"$/progress","params":{"token":"ANALYZING","value":{"kind":"begin","title":"Analyzing…"}}}
[12:25:47 PM] [Analyzer] [Info] <== Content-Length: 93
Content-Type: application/vscode-jsonrpc; charset=utf-8

{"jsonrpc":"2.0","method":"$/progress","params":{"token":"ANALYZING","value":{"kind":"end"}}}
[12:25:47 PM] [Analyzer] [Info] <== Content-Length: 98
Content-Type: application/vscode-jsonrpc; charset=utf-8
[12:25:47 PM] [Analyzer] [Info] <== {"id":38,"jsonrpc":"2.0","method":"window/workDoneProgress/create","params":{"token":"ANALYZING"}}
[12:25:47 PM] [Analyzer] [Info] ==> Content-Length: 73
[12:25:47 PM] [Analyzer] [Info] ==> {"jsonrpc":"2.0","id":38,"result":null,"clientRequestTime":1717615547467}
[12:25:47 PM] [Analyzer] [Info] <== Content-Length: 118
Content-Type: application/vscode-jsonrpc; charset=utf-8
[12:25:47 PM] [Analyzer] [Info] <== {"jsonrpc":"2.0","method":"$/progress","params":{"token":"ANALYZING","value":{"kind":"begin","title":"Analyzing…"}}}
[12:25:47 PM] [Analyzer] [Info] <== Content-Length: 93
Content-Type: application/vscode-jsonrpc; charset=utf-8
[12:25:47 PM] [Analyzer] [Info] <== {"jsonrpc":"2.0","method":"$/progress","params":{"token":"ANALYZING","value":{"kind":"end"}}}
[12:25:47 PM] [Analyzer] [Info] <== Content-Length: 98
Content-Type: application/vscode-jsonrpc; charset=utf-8
[12:25:47 PM] [Analyzer] [Info] <== {"id":39,"jsonrpc":"2.0","method":"window/workDoneProgress/create","params":{"token":"ANALYZING"}}
[12:25:47 PM] [Analyzer] [Info] ==> Content-Length: 73
[12:25:47 PM] [Analyzer] [Info] ==> {"jsonrpc":"2.0","id":39,"result":null,"clientRequestTime":1717615547568}
[12:25:47 PM] [Analyzer] [Info] <== Content-Length: 118
Content-Type: application/vscode-jsonrpc; charset=utf-8
[12:25:47 PM] [Analyzer] [Info] <== {"jsonrpc":"2.0","method":"$/progress","params":{"token":"ANALYZING","value":{"kind":"begin","title":"Analyzing…"}}}
[12:25:47 PM] [Analyzer] [Info] <== Content-Length: 93
Content-Type: application/vscode-jsonrpc; charset=utf-8
[12:25:47 PM] [Analyzer] [Info] <== {"jsonrpc":"2.0","method":"$/progress","params":{"token":"ANALYZING","value":{"kind":"end"}}}
[12:25:47 PM] [Analyzer] [Info] <== Content-Length: 98
Content-Type: application/vscode-jsonrpc; charset=utf-8
[12:25:47 PM] [Analyzer] [Info] <== {"id":40,"jsonrpc":"2.0","method":"window/workDoneProgress/create","params":{"token":"ANALYZING"}}
[12:25:47 PM] [Analyzer] [Info] ==> Content-Length: 73
[12:25:47 PM] [Analyzer] [Info] ==> {"jsonrpc":"2.0","id":40,"result":null,"clientRequestTime":1717615547667}
[12:25:47 PM] [Analyzer] [Info] <== Content-Length: 118
Content-Type: application/vscode-jsonrpc; charset=utf-8
[12:25:47 PM] [Analyzer] [Info] <== {"jsonrpc":"2.0","method":"$/progress","params":{"token":"ANALYZING","value":{"kind":"begin","title":"Analyzing…"}}}Content-Length: 93
Content-Type: application/vscode-jsonrpc; charset=utf-8

{"jsonrpc":"2.0","method":"$/progress","params":{"token":"ANALYZING","value":{"kind":"end"}}}
[12:25:48 PM] [Analyzer] [Info] <== Content-Length: 98
Content-Type: application/vscode-jsonrpc; charset=utf-8
[12:25:48 PM] [Analyzer] [Info] <== {"id":41,"jsonrpc":"2.0","method":"window/workDoneProgress/create","params":{"token":"ANALYZING"}}
[12:25:48 PM] [Analyzer] [Info] ==> Content-Length: 73
[12:25:48 PM] [Analyzer] [Info] ==> {"jsonrpc":"2.0","id":41,"result":null,"clientRequestTime":1717615548663}
[12:25:48 PM] [Analyzer] [Info] <== Content-Length: 118
Content-Type: application/vscode-jsonrpc; charset=utf-8
[12:25:48 PM] [Analyzer] [Info] <== {"jsonrpc":"2.0","method":"$/progress","params":{"token":"ANALYZING","value":{"kind":"begin","title":"Analyzing…"}}}
[12:25:48 PM] [Analyzer] [Info] <== Content-Length: 93
Content-Type: application/vscode-jsonrpc; charset=utf-8
[12:25:48 PM] [Analyzer] [Info] <== {"jsonrpc":"2.0","method":"$/progress","params":{"token":"ANALYZING","value":{"kind":"end"}}}
[12:25:48 PM] [Analyzer] [Info] <== Content-Length: 98
Content-Type: application/vscode-jsonrpc; charset=utf-8
[12:25:48 PM] [Analyzer] [Info] <== {"id":42,"jsonrpc":"2.0","method":"window/workDoneProgress/create","params":{"token":"ANALYZING"}}
[12:25:48 PM] [Analyzer] [Info] ==> Content-Length: 73
[12:25:48 PM] [Analyzer] [Info] ==> {"jsonrpc":"2.0","id":42,"result":null,"clientRequestTime":1717615548761}
[12:25:48 PM] [Analyzer] [Info] <== Content-Length: 118
Content-Type: application/vscode-jsonrpc; charset=utf-8

{"jsonrpc":"2.0","method":"$/progress","params":{"token":"ANALYZING","value":{"kind":"begin","title":"Analyzing…"}}}
[12:25:48 PM] [Analyzer] [Info] <== Content-Length: 93
Content-Type: application/vscode-jsonrpc; charset=utf-8

{"jsonrpc":"2.0","method":"$/progress","params":{"token":"ANALYZING","value":{"kind":"end"}}}
[12:25:49 PM] [Analyzer] [Info] <== Content-Length: 98
Content-Type: application/vscode-jsonrpc; charset=utf-8
[12:25:49 PM] [Analyzer] [Info] <== {"id":43,"jsonrpc":"2.0","method":"window/workDoneProgress/create","params":{"token":"ANALYZING"}}
[12:25:49 PM] [Analyzer] [Info] ==> Content-Length: 73
[12:25:49 PM] [Analyzer] [Info] ==> {"jsonrpc":"2.0","id":43,"result":null,"clientRequestTime":1717615549067}
[12:25:49 PM] [Analyzer] [Info] <== Content-Length: 118
Content-Type: application/vscode-jsonrpc; charset=utf-8
[12:25:49 PM] [Analyzer] [Info] <== {"jsonrpc":"2.0","method":"$/progress","params":{"token":"ANALYZING","value":{"kind":"begin","title":"Analyzing…"}}}Content-Length: 93
Content-Type: application/vscode-jsonrpc; charset=utf-8
[12:25:49 PM] [Analyzer] [Info] <== {"jsonrpc":"2.0","method":"$/progress","params":{"token":"ANALYZING","value":{"kind":"end"}}}
[12:28:03 PM] [Analyzer] [Info] <== Content-Length: 98
Content-Type: application/vscode-jsonrpc; charset=utf-8
[12:28:03 PM] [Analyzer] [Info] <== {"id":44,"jsonrpc":"2.0","method":"window/workDoneProgress/create","params":{"token":"ANALYZING"}}
[12:28:03 PM] [Analyzer] [Info] ==> Content-Length: 73
[12:28:03 PM] [Analyzer] [Info] ==> {"jsonrpc":"2.0","id":44,"result":null,"clientRequestTime":1717615683496}
[12:28:03 PM] [Analyzer] [Info] <== Content-Length: 118
Content-Type: application/vscode-jsonrpc; charset=utf-8
[12:28:03 PM] [Analyzer] [Info] <== {"jsonrpc":"2.0","method":"$/progress","params":{"token":"ANALYZING","value":{"kind":"begin","title":"Analyzing…"}}}
[12:28:03 PM] [Analyzer] [Info] <== Content-Length: 93
Content-Type: application/vscode-jsonrpc; charset=utf-8
[12:28:03 PM] [Analyzer] [Info] <== {"jsonrpc":"2.0","method":"$/progress","params":{"token":"ANALYZING","value":{"kind":"end"}}}
[12:28:09 PM] [Analyzer] [Info] <== Content-Length: 98
Content-Type: application/vscode-jsonrpc; charset=utf-8
[12:28:09 PM] [Analyzer] [Info] <== {"id":45,"jsonrpc":"2.0","method":"window/workDoneProgress/create","params":{"token":"ANALYZING"}}
[12:28:09 PM] [Analyzer] [Info] ==> Content-Length: 73
[12:28:09 PM] [Analyzer] [Info] ==> {"jsonrpc":"2.0","id":45,"result":null,"clientRequestTime":1717615689637}
[12:28:09 PM] [Analyzer] [Info] <== Content-Length: 118
Content-Type: application/vscode-jsonrpc; charset=utf-8
[12:28:09 PM] [Analyzer] [Info] <== {"jsonrpc":"2.0","method":"$/progress","params":{"token":"ANALYZING","value":{"kind":"begin","title":"Analyzing…"}}}
[12:28:09 PM] [Analyzer] [Info] <== Content-Length: 93
Content-Type: application/vscode-jsonrpc; charset=utf-8

{"jsonrpc":"2.0","method":"$/progress","params":{"token":"ANALYZING","value":{"kind":"end"}}}
[12:28:10 PM] [Analyzer] [Info] <== Content-Length: 98
Content-Type: application/vscode-jsonrpc; charset=utf-8
[12:28:10 PM] [Analyzer] [Info] <== {"id":46,"jsonrpc":"2.0","method":"window/workDoneProgress/create","params":{"token":"ANALYZING"}}
[12:28:10 PM] [Analyzer] [Info] ==> Content-Length: 73
[12:28:10 PM] [Analyzer] [Info] ==> {"jsonrpc":"2.0","id":46,"result":null,"clientRequestTime":1717615690439}
[12:28:10 PM] [Analyzer] [Info] <== Content-Length: 118
Content-Type: application/vscode-jsonrpc; charset=utf-8
[12:28:10 PM] [Analyzer] [Info] <== {"jsonrpc":"2.0","method":"$/progress","params":{"token":"ANALYZING","value":{"kind":"begin","title":"Analyzing…"}}}
[12:28:10 PM] [Analyzer] [Info] <== Content-Length: 93
Content-Type: application/vscode-jsonrpc; charset=utf-8

{"jsonrpc":"2.0","method":"$/progress","params":{"token":"ANALYZING","value":{"kind":"end"}}}
[12:28:10 PM] [Analyzer] [Info] <== Content-Length: 98
Content-Type: application/vscode-jsonrpc; charset=utf-8
[12:28:10 PM] [Analyzer] [Info] <== {"id":47,"jsonrpc":"2.0","method":"window/workDoneProgress/create","params":{"token":"ANALYZING"}}
[12:28:10 PM] [Analyzer] [Info] ==> Content-Length: 73
[12:28:10 PM] [Analyzer] [Info] ==> {"jsonrpc":"2.0","id":47,"result":null,"clientRequestTime":1717615690441}
[12:28:10 PM] [Analyzer] [Info] <== Content-Length: 118
Content-Type: application/vscode-jsonrpc; charset=utf-8
[12:28:10 PM] [Analyzer] [Info] <== {"jsonrpc":"2.0","method":"$/progress","params":{"token":"ANALYZING","value":{"kind":"begin","title":"Analyzing…"}}}
[12:28:10 PM] [Analyzer] [Info] <== Content-Length: 93
Content-Type: application/vscode-jsonrpc; charset=utf-8

{"jsonrpc":"2.0","method":"$/progress","params":{"token":"ANALYZING","value":{"kind":"end"}}}
[12:28:18 PM] [Analyzer] [Info] <== Content-Length: 98
Content-Type: application/vscode-jsonrpc; charset=utf-8
[12:28:18 PM] [Analyzer] [Info] <== {"id":48,"jsonrpc":"2.0","method":"window/workDoneProgress/create","params":{"token":"ANALYZING"}}
[12:28:18 PM] [Analyzer] [Info] ==> Content-Length: 73
[12:28:18 PM] [Analyzer] [Info] ==> {"jsonrpc":"2.0","id":48,"result":null,"clientRequestTime":1717615698831}
[12:28:18 PM] [Analyzer] [Info] <== Content-Length: 118
Content-Type: application/vscode-jsonrpc; charset=utf-8
[12:28:18 PM] [Analyzer] [Info] <== {"jsonrpc":"2.0","method":"$/progress","params":{"token":"ANALYZING","value":{"kind":"begin","title":"Analyzing…"}}}
[12:28:18 PM] [Analyzer] [Info] <== Content-Length: 93
Content-Type: application/vscode-jsonrpc; charset=utf-8

{"jsonrpc":"2.0","method":"$/progress","params":{"token":"ANALYZING","value":{"kind":"end"}}}
[12:28:19 PM] [Analyzer] [Info] <== Content-Length: 98
Content-Type: application/vscode-jsonrpc; charset=utf-8
[12:28:19 PM] [Analyzer] [Info] <== {"id":49,"jsonrpc":"2.0","method":"window/workDoneProgress/create","params":{"token":"ANALYZING"}}
[12:28:19 PM] [Analyzer] [Info] ==> Content-Length: 73
[12:28:19 PM] [Analyzer] [Info] ==> {"jsonrpc":"2.0","id":49,"result":null,"clientRequestTime":1717615699196}
[12:28:19 PM] [Analyzer] [Info] <== Content-Length: 118
Content-Type: application/vscode-jsonrpc; charset=utf-8
[12:28:19 PM] [Analyzer] [Info] <== {"jsonrpc":"2.0","method":"$/progress","params":{"token":"ANALYZING","value":{"kind":"begin","title":"Analyzing…"}}}Content-Length: 93
Content-Type: application/vscode-jsonrpc; charset=utf-8
[12:28:19 PM] [Analyzer] [Info] <== {"jsonrpc":"2.0","method":"$/progress","params":{"token":"ANALYZING","value":{"kind":"end"}}}
[12:28:19 PM] [Analyzer] [Info] <== Content-Length: 98
Content-Type: application/vscode-jsonrpc; charset=utf-8
[12:28:19 PM] [Analyzer] [Info] <== {"id":50,"jsonrpc":"2.0","method":"window/workDoneProgress/create","params":{"token":"ANALYZING"}}
[12:28:19 PM] [Analyzer] [Info] ==> Content-Length: 73
[12:28:19 PM] [Analyzer] [Info] ==> {"jsonrpc":"2.0","id":50,"result":null,"clientRequestTime":1717615699652}
[12:28:19 PM] [Analyzer] [Info] <== Content-Length: 118
Content-Type: application/vscode-jsonrpc; charset=utf-8
[12:28:19 PM] [Analyzer] [Info] <== {"jsonrpc":"2.0","method":"$/progress","params":{"token":"ANALYZING","value":{"kind":"begin","title":"Analyzing…"}}}
[12:28:19 PM] [Analyzer] [Info] <== Content-Length: 93
Content-Type: application/vscode-jsonrpc; charset=utf-8

{"jsonrpc":"2.0","method":"$/progress","params":{"token":"ANALYZING","value":{"kind":"end"}}}
[12:28:19 PM] [Analyzer] [Info] <== Content-Length: 98
Content-Type: application/vscode-jsonrpc; charset=utf-8
[12:28:19 PM] [Analyzer] [Info] <== {"id":51,"jsonrpc":"2.0","method":"window/workDoneProgress/create","params":{"token":"ANALYZING"}}
[12:28:19 PM] [Analyzer] [Info] ==> Content-Length: 73
[12:28:19 PM] [Analyzer] [Info] ==> {"jsonrpc":"2.0","id":51,"result":null,"clientRequestTime":1717615699746}
[12:28:19 PM] [Analyzer] [Info] <== Content-Length: 118
Content-Type: application/vscode-jsonrpc; charset=utf-8
[12:28:19 PM] [Analyzer] [Info] <== {"jsonrpc":"2.0","method":"$/progress","params":{"token":"ANALYZING","value":{"kind":"begin","title":"Analyzing…"}}}
[12:28:19 PM] [Analyzer] [Info] <== Content-Length: 93
Content-Type: application/vscode-jsonrpc; charset=utf-8
[12:28:19 PM] [Analyzer] [Info] <== {"jsonrpc":"2.0","method":"$/progress","params":{"token":"ANALYZING","value":{"kind":"end"}}}
[12:28:20 PM] [Analyzer] [Info] <== Content-Length: 98
Content-Type: application/vscode-jsonrpc; charset=utf-8
[12:28:20 PM] [Analyzer] [Info] <== {"id":52,"jsonrpc":"2.0","method":"window/workDoneProgress/create","params":{"token":"ANALYZING"}}
[12:28:20 PM] [Analyzer] [Info] ==> Content-Length: 73
[12:28:20 PM] [Analyzer] [Info] ==> {"jsonrpc":"2.0","id":52,"result":null,"clientRequestTime":1717615700410}
[12:28:20 PM] [Analyzer] [Info] <== Content-Length: 118
Content-Type: application/vscode-jsonrpc; charset=utf-8
[12:28:20 PM] [Analyzer] [Info] <== {"jsonrpc":"2.0","method":"$/progress","params":{"token":"ANALYZING","value":{"kind":"begin","title":"Analyzing…"}}}Content-Length: 93
Content-Type: application/vscode-jsonrpc; charset=utf-8
[12:28:20 PM] [Analyzer] [Info] <== {"jsonrpc":"2.0","method":"$/progress","params":{"token":"ANALYZING","value":{"kind":"end"}}}
[12:28:20 PM] [Analyzer] [Info] <== Content-Length: 98
Content-Type: application/vscode-jsonrpc; charset=utf-8
[12:28:20 PM] [Analyzer] [Info] <== {"id":53,"jsonrpc":"2.0","method":"window/workDoneProgress/create","params":{"token":"ANALYZING"}}
[12:28:20 PM] [Analyzer] [Info] ==> Content-Length: 73
[12:28:20 PM] [Analyzer] [Info] ==> {"jsonrpc":"2.0","id":53,"result":null,"clientRequestTime":1717615700511}
[12:28:20 PM] [Analyzer] [Info] <== Content-Length: 118
Content-Type: application/vscode-jsonrpc; charset=utf-8
[12:28:20 PM] [Analyzer] [Info] <== {"jsonrpc":"2.0","method":"$/progress","params":{"token":"ANALYZING","value":{"kind":"begin","title":"Analyzing…"}}}Content-Length: 93
Content-Type: application/vscode-jsonrpc; charset=utf-8

{"jsonrpc":"2.0","method":"$/progress","params":{"token":"ANALYZING","value":{"kind":"end"}}}
[12:28:20 PM] [Analyzer] [Info] <== Content-Length: 98
Content-Type: application/vscode-jsonrpc; charset=utf-8
[12:28:20 PM] [Analyzer] [Info] <== {"id":54,"jsonrpc":"2.0","method":"window/workDoneProgress/create","params":{"token":"ANALYZING"}}
[12:28:20 PM] [Analyzer] [Info] ==> Content-Length: 73
[12:28:20 PM] [Analyzer] [Info] ==> {"jsonrpc":"2.0","id":54,"result":null,"clientRequestTime":1717615700676}
[12:28:20 PM] [Analyzer] [Info] <== Content-Length: 118
Content-Type: application/vscode-jsonrpc; charset=utf-8
[12:28:20 PM] [Analyzer] [Info] <== {"jsonrpc":"2.0","method":"$/progress","params":{"token":"ANALYZING","value":{"kind":"begin","title":"Analyzing…"}}}Content-Length: 93
Content-Type: application/vscode-jsonrpc; charset=utf-8
[12:28:20 PM] [Analyzer] [Info] <== {"jsonrpc":"2.0","method":"$/progress","params":{"token":"ANALYZING","value":{"kind":"end"}}}
[12:28:20 PM] [Analyzer] [Info] <== Content-Length: 98
Content-Type: application/vscode-jsonrpc; charset=utf-8
[12:28:20 PM] [Analyzer] [Info] <== {"id":55,"jsonrpc":"2.0","method":"window/workDoneProgress/create","params":{"token":"ANALYZING"}}
[12:28:20 PM] [Analyzer] [Info] ==> Content-Length: 73
[12:28:20 PM] [Analyzer] [Info] ==> {"jsonrpc":"2.0","id":55,"result":null,"clientRequestTime":1717615700821}
[12:28:20 PM] [Analyzer] [Info] <== Content-Length: 118
Content-Type: application/vscode-jsonrpc; charset=utf-8
[12:28:20 PM] [Analyzer] [Info] <== {"jsonrpc":"2.0","method":"$/progress","params":{"token":"ANALYZING","value":{"kind":"begin","title":"Analyzing…"}}}
[12:28:20 PM] [Analyzer] [Info] <== Content-Length: 93
Content-Type: application/vscode-jsonrpc; charset=utf-8

{"jsonrpc":"2.0","method":"$/progress","params":{"token":"ANALYZING","value":{"kind":"end"}}}
[12:16:47 PM] [Analyzer] [Info] <== Content-Length: 98
Content-Type: application/vscode-jsonrpc; charset=utf-8
[12:16:47 PM] [Analyzer] [Info] <== {"id":56,"jsonrpc":"2.0","method":"window/workDoneProgress/create","params":{"token":"ANALYZING"}}
[12:16:47 PM] [Analyzer] [Info] ==> Content-Length: 73
[12:16:47 PM] [Analyzer] [Info] ==> {"jsonrpc":"2.0","id":56,"result":null,"clientRequestTime":1717701407646}
[12:16:47 PM] [Analyzer] [Info] <== Content-Length: 118
Content-Type: application/vscode-jsonrpc; charset=utf-8
[12:16:47 PM] [Analyzer] [Info] <== {"jsonrpc":"2.0","method":"$/progress","params":{"token":"ANALYZING","value":{"kind":"begin","title":"Analyzing…"}}}
[12:16:47 PM] [Analyzer] [Info] <== Content-Length: 93
Content-Type: application/vscode-jsonrpc; charset=utf-8
[12:16:47 PM] [Analyzer] [Info] <== {"jsonrpc":"2.0","method":"$/progress","params":{"token":"ANALYZING","value":{"kind":"end"}}}
[12:16:48 PM] [Analyzer] [Info] <== Content-Length: 98
Content-Type: application/vscode-jsonrpc; charset=utf-8
[12:16:48 PM] [Analyzer] [Info] <== {"id":57,"jsonrpc":"2.0","method":"window/workDoneProgress/create","params":{"token":"ANALYZING"}}
[12:16:48 PM] [Analyzer] [Info] ==> Content-Length: 73
[12:16:48 PM] [Analyzer] [Info] ==> {"jsonrpc":"2.0","id":57,"result":null,"clientRequestTime":1717701408080}
[12:16:48 PM] [Analyzer] [Info] <== Content-Length: 118
Content-Type: application/vscode-jsonrpc; charset=utf-8
[12:16:48 PM] [Analyzer] [Info] <== {"jsonrpc":"2.0","method":"$/progress","params":{"token":"ANALYZING","value":{"kind":"begin","title":"Analyzing…"}}}
[12:16:48 PM] [Analyzer] [Info] <== Content-Length: 93
Content-Type: application/vscode-jsonrpc; charset=utf-8
[12:16:48 PM] [Analyzer] [Info] <== {"jsonrpc":"2.0","method":"$/progress","params":{"token":"ANALYZING","value":{"kind":"end"}}}
[12:16:48 PM] [Analyzer] [Info] <== Content-Length: 98
Content-Type: application/vscode-jsonrpc; charset=utf-8
[12:16:48 PM] [Analyzer] [Info] <== {"id":58,"jsonrpc":"2.0","method":"window/workDoneProgress/create","params":{"token":"ANALYZING"}}
[12:16:48 PM] [Analyzer] [Info] ==> Content-Length: 73
[12:16:48 PM] [Analyzer] [Info] ==> {"jsonrpc":"2.0","id":58,"result":null,"clientRequestTime":1717701408148}
[12:16:48 PM] [Analyzer] [Info] <== Content-Length: 118
Content-Type: application/vscode-jsonrpc; charset=utf-8

{"jsonrpc":"2.0","method":"$/progress","params":{"token":"ANALYZING","value":{"kind":"begin","title":"Analyzing…"}}}
[12:16:48 PM] [Analyzer] [Info] <== Content-Length: 93
Content-Type: application/vscode-jsonrpc; charset=utf-8

{"jsonrpc":"2.0","method":"$/progress","params":{"token":"ANALYZING","value":{"kind":"end"}}}
[12:16:48 PM] [Analyzer] [Info] <== Content-Length: 98
Content-Type: application/vscode-jsonrpc; charset=utf-8
[12:16:48 PM] [Analyzer] [Info] <== {"id":59,"jsonrpc":"2.0","method":"window/workDoneProgress/create","params":{"token":"ANALYZING"}}
[12:16:48 PM] [Analyzer] [Info] ==> Content-Length: 73
[12:16:48 PM] [Analyzer] [Info] ==> {"jsonrpc":"2.0","id":59,"result":null,"clientRequestTime":1717701408247}
[12:16:48 PM] [Analyzer] [Info] <== Content-Length: 118
Content-Type: application/vscode-jsonrpc; charset=utf-8
[12:16:48 PM] [Analyzer] [Info] <== {"jsonrpc":"2.0","method":"$/progress","params":{"token":"ANALYZING","value":{"kind":"begin","title":"Analyzing…"}}}Content-Length: 93
Content-Type: application/vscode-jsonrpc; charset=utf-8
[12:16:48 PM] [Analyzer] [Info] <== {"jsonrpc":"2.0","method":"$/progress","params":{"token":"ANALYZING","value":{"kind":"end"}}}
[12:16:48 PM] [Analyzer] [Info] <== Content-Length: 98
Content-Type: application/vscode-jsonrpc; charset=utf-8

{"id":60,"jsonrpc":"2.0","method":"window/workDoneProgress/create","params":{"token":"ANALYZING"}}
[12:16:48 PM] [Analyzer] [Info] ==> Content-Length: 73
[12:16:48 PM] [Analyzer] [Info] ==> {"jsonrpc":"2.0","id":60,"result":null,"clientRequestTime":1717701408344}
[12:16:48 PM] [Analyzer] [Info] <== Content-Length: 118
Content-Type: application/vscode-jsonrpc; charset=utf-8
[12:16:48 PM] [Analyzer] [Info] <== {"jsonrpc":"2.0","method":"$/progress","params":{"token":"ANALYZING","value":{"kind":"begin","title":"Analyzing…"}}}Content-Length: 93
Content-Type: application/vscode-jsonrpc; charset=utf-8
[12:16:48 PM] [Analyzer] [Info] <== {"jsonrpc":"2.0","method":"$/progress","params":{"token":"ANALYZING","value":{"kind":"end"}}}
[12:16:48 PM] [Analyzer] [Info] <== Content-Length: 98
Content-Type: application/vscode-jsonrpc; charset=utf-8
[12:16:48 PM] [Analyzer] [Info] <== {"id":61,"jsonrpc":"2.0","method":"window/workDoneProgress/create","params":{"token":"ANALYZING"}}
[12:16:48 PM] [Analyzer] [Info] ==> Content-Length: 73
[12:16:48 PM] [Analyzer] [Info] ==> {"jsonrpc":"2.0","id":61,"result":null,"clientRequestTime":1717701408358}
[12:16:48 PM] [Analyzer] [Info] <== Content-Length: 118
Content-Type: application/vscode-jsonrpc; charset=utf-8
[12:16:48 PM] [Analyzer] [Info] <== {"jsonrpc":"2.0","method":"$/progress","params":{"token":"ANALYZING","value":{"kind":"begin","title":"Analyzing…"}}}
[12:16:48 PM] [Analyzer] [Info] <== Content-Length: 93
Content-Type: application/vscode-jsonrpc; charset=utf-8

{"jsonrpc":"2.0","method":"$/progress","params":{"token":"ANALYZING","value":{"kind":"end"}}}
[12:16:48 PM] [Analyzer] [Info] <== Content-Length: 98
Content-Type: application/vscode-jsonrpc; charset=utf-8
[12:16:48 PM] [Analyzer] [Info] <== {"id":62,"jsonrpc":"2.0","method":"window/workDoneProgress/create","params":{"token":"ANALYZING"}}
[12:16:48 PM] [Analyzer] [Info] ==> Content-Length: 73
[12:16:48 PM] [Analyzer] [Info] ==> {"jsonrpc":"2.0","id":62,"result":null,"clientRequestTime":1717701408520}
[12:16:48 PM] [Analyzer] [Info] <== Content-Length: 118
Content-Type: application/vscode-jsonrpc; charset=utf-8
[12:16:48 PM] [Analyzer] [Info] <== {"jsonrpc":"2.0","method":"$/progress","params":{"token":"ANALYZING","value":{"kind":"begin","title":"Analyzing…"}}}
[12:16:48 PM] [Analyzer] [Info] <== Content-Length: 93
Content-Type: application/vscode-jsonrpc; charset=utf-8
[12:16:48 PM] [Analyzer] [Info] <== {"jsonrpc":"2.0","method":"$/progress","params":{"token":"ANALYZING","value":{"kind":"end"}}}
[12:16:49 PM] [Analyzer] [Info] <== Content-Length: 98
Content-Type: application/vscode-jsonrpc; charset=utf-8
[12:16:49 PM] [Analyzer] [Info] <== {"id":63,"jsonrpc":"2.0","method":"window/workDoneProgress/create","params":{"token":"ANALYZING"}}
[12:16:49 PM] [Analyzer] [Info] ==> Content-Length: 73
[12:16:49 PM] [Analyzer] [Info] ==> {"jsonrpc":"2.0","id":63,"result":null,"clientRequestTime":1717701409277}
[12:16:49 PM] [Analyzer] [Info] <== Content-Length: 118
Content-Type: application/vscode-jsonrpc; charset=utf-8
[12:16:49 PM] [Analyzer] [Info] <== {"jsonrpc":"2.0","method":"$/progress","params":{"token":"ANALYZING","value":{"kind":"begin","title":"Analyzing…"}}}
[12:16:49 PM] [Analyzer] [Info] <== Content-Length: 93
Content-Type: application/vscode-jsonrpc; charset=utf-8
[12:16:49 PM] [Analyzer] [Info] <== {"jsonrpc":"2.0","method":"$/progress","params":{"token":"ANALYZING","value":{"kind":"end"}}}
[12:16:49 PM] [Analyzer] [Info] <== Content-Length: 98
Content-Type: application/vscode-jsonrpc; charset=utf-8
[12:16:49 PM] [Analyzer] [Info] <== {"id":64,"jsonrpc":"2.0","method":"window/workDoneProgress/create","params":{"token":"ANALYZING"}}
[12:16:49 PM] [Analyzer] [Info] ==> Content-Length: 73
[12:16:49 PM] [Analyzer] [Info] ==> {"jsonrpc":"2.0","id":64,"result":null,"clientRequestTime":1717701409291}
[12:16:49 PM] [Analyzer] [Info] <== Content-Length: 118
Content-Type: application/vscode-jsonrpc; charset=utf-8
[12:16:49 PM] [Analyzer] [Info] <== {"jsonrpc":"2.0","method":"$/progress","params":{"token":"ANALYZING","value":{"kind":"begin","title":"Analyzing…"}}}Content-Length: 93
Content-Type: application/vscode-jsonrpc; charset=utf-8
[12:16:49 PM] [Analyzer] [Info] <== {"jsonrpc":"2.0","method":"$/progress","params":{"token":"ANALYZING","value":{"kind":"end"}}}
[12:16:49 PM] [Analyzer] [Info] <== Content-Length: 98
Content-Type: application/vscode-jsonrpc; charset=utf-8
[12:16:49 PM] [Analyzer] [Info] <== {"id":65,"jsonrpc":"2.0","method":"window/workDoneProgress/create","params":{"token":"ANALYZING"}}
[12:16:49 PM] [Analyzer] [Info] ==> Content-Length: 73
[12:16:49 PM] [Analyzer] [Info] ==> {"jsonrpc":"2.0","id":65,"result":null,"clientRequestTime":1717701409417}
[12:16:49 PM] [Analyzer] [Info] <== Content-Length: 118
Content-Type: application/vscode-jsonrpc; charset=utf-8
[12:16:49 PM] [Analyzer] [Info] <== {"jsonrpc":"2.0","method":"$/progress","params":{"token":"ANALYZING","value":{"kind":"begin","title":"Analyzing…"}}}
[12:16:49 PM] [Analyzer] [Info] <== Content-Length: 93
Content-Type: application/vscode-jsonrpc; charset=utf-8

{"jsonrpc":"2.0","method":"$/progress","params":{"token":"ANALYZING","value":{"kind":"end"}}}
[12:16:49 PM] [Analyzer] [Info] <== Content-Length: 98
Content-Type: application/vscode-jsonrpc; charset=utf-8
[12:16:49 PM] [Analyzer] [Info] <== {"id":66,"jsonrpc":"2.0","method":"window/workDoneProgress/create","params":{"token":"ANALYZING"}}
[12:16:49 PM] [Analyzer] [Info] ==> Content-Length: 73
[12:16:49 PM] [Analyzer] [Info] ==> {"jsonrpc":"2.0","id":66,"result":null,"clientRequestTime":1717701409781}
[12:16:49 PM] [Analyzer] [Info] <== Content-Length: 118
Content-Type: application/vscode-jsonrpc; charset=utf-8
[12:16:49 PM] [Analyzer] [Info] <== {"jsonrpc":"2.0","method":"$/progress","params":{"token":"ANALYZING","value":{"kind":"begin","title":"Analyzing…"}}}
[12:16:49 PM] [Analyzer] [Info] <== Content-Length: 93
Content-Type: application/vscode-jsonrpc; charset=utf-8
[12:16:49 PM] [Analyzer] [Info] <== {"jsonrpc":"2.0","method":"$/progress","params":{"token":"ANALYZING","value":{"kind":"end"}}}
[12:16:50 PM] [Analyzer] [Info] <== Content-Length: 98
Content-Type: application/vscode-jsonrpc; charset=utf-8
[12:16:50 PM] [Analyzer] [Info] <== {"id":67,"jsonrpc":"2.0","method":"window/workDoneProgress/create","params":{"token":"ANALYZING"}}
[12:16:50 PM] [Analyzer] [Info] ==> Content-Length: 73
[12:16:50 PM] [Analyzer] [Info] ==> {"jsonrpc":"2.0","id":67,"result":null,"clientRequestTime":1717701410342}
[12:16:50 PM] [Analyzer] [Info] <== Content-Length: 118
Content-Type: application/vscode-jsonrpc; charset=utf-8
[12:16:50 PM] [Analyzer] [Info] <== {"jsonrpc":"2.0","method":"$/progress","params":{"token":"ANALYZING","value":{"kind":"begin","title":"Analyzing…"}}}
[12:16:50 PM] [Analyzer] [Info] <== Content-Length: 93
Content-Type: application/vscode-jsonrpc; charset=utf-8
[12:16:50 PM] [Analyzer] [Info] <== {"jsonrpc":"2.0","method":"$/progress","params":{"token":"ANALYZING","value":{"kind":"end"}}}
[12:17:09 PM] [Analyzer] [Info] ==> Content-Length: 256
[12:17:09 PM] [Analyzer] [Info] ==> {"jsonrpc":"2.0","id":1,"method":"workspace/willRenameFiles","params":{"files":[{"oldUri":"file:///Users/polinach/_/gen-ui-client-demo/counter%20copy","newUri":"file:///Users/polinach/_/gen-ui-client-demo/rfw_renderer"}]},"clientRequestTime":1717701429100}
[12:17:09 PM] [Analyzer] [Info] <== Content-Length: 38
Content-Type: application/vscode-jsonrpc; charset=utf-8
[12:17:09 PM] [Analyzer] [Info] <== {"id":1,"jsonrpc":"2.0","result":null}
[12:17:09 PM] [Analyzer] [Info] <== Content-Length: 98
Content-Type: application/vscode-jsonrpc; charset=utf-8

{"id":68,"jsonrpc":"2.0","method":"window/workDoneProgress/create","params":{"token":"ANALYZING"}}
[12:17:09 PM] [Analyzer] [Info] ==> Content-Length: 73
[12:17:09 PM] [Analyzer] [Info] ==> {"jsonrpc":"2.0","id":68,"result":null,"clientRequestTime":1717701429464}
[12:17:09 PM] [Analyzer] [Info] <== Content-Length: 118
Content-Type: application/vscode-jsonrpc; charset=utf-8

{"jsonrpc":"2.0","method":"$/progress","params":{"token":"ANALYZING","value":{"kind":"begin","title":"Analyzing…"}}}
[12:17:09 PM] [Analyzer] [Info] <== Content-Length: 7325
Content-Type: application/vscode-jsonrpc; charset=utf-8
[12:17:09 PM] [Analyzer] [Info] <== {"jsonrpc":"2.0","method":"textDocument/publishDiagnostics","params":{"diagnostics":[{"code":"uri_does_not_exist","codeDescription":{"href":"https://dart.dev/diagnostics/uri_does_not_exist"},"message":"Target of URI doesn't exist: 'package:flutter/material.dart'.\nTry creating the file referenced by the URI, or try using a URI for a file that does exist.","range":{"end":{"character":38,"line":7},"start":{"character":7,"line":7}},"severity":1,"source":"dart"},{"code":"uri_does_not_exist","codeDescription":{"href":"https://dart.dev/diagnostics/uri_does_not_exist"},"message":"Target of URI doesn't exist: 'package:flutter_test/flutter_test.dart'.\nTry creating the file referenced by the URI, or try using a URI for a file that does exist.","range":{"end":{"character":47,"line":8},"start":{"character":7,"line":8}},"severity":1,"source":"dart"},{"code":"uri_does_not_exist","codeDescription":{"href":"https://dart.dev/diagnostics/uri_does_not_exist"},"message":"Target of URI doesn't exist: 'package:counter/main.dart'.\nTry creating the file referenced by the URI, or try using a URI for a file that does exist.","range":{"end":{"character":34,"line":10},"start":{"character":7,"line":10}},"severity":1,"source":"dart"},{"code":"undefined_class","codeDescription":{"href":"https://dart.dev/diagnostics/undefined_class"},"message":"Undefined class 'WidgetTester'.\nTry changing the name to the name of an existing class, or creating a class with the name 'WidgetTester'.","range":{"end":{"character":60,"line":13},"start":{"character":48,"line":13}},"severity":1,"source":"dart"},{"code":"creation_with_non_type","codeDescription":{"href":"https://dart.dev/diagnostics/creation_with_non_type"},"message":"The name 'MyApp' isn't a class.\nTry correcting the name to match an existing class.","range":{"end":{"character":39,"line":15},"start":{"character":34,"line":15}},"severity":1,"source":"dart"},{"code":"undefined_identifier","codeDescription":{"href":"https://dart.dev/diagnostics/undef…
[12:17:09 PM] [Analyzer] [Info] <== Content-Length: 7660
Content-Type: application/vscode-jsonrpc; charset=utf-8
[12:17:09 PM] [Analyzer] [Info] <== {"jsonrpc":"2.0","method":"textDocument/publishDiagnostics","params":{"diagnostics":[{"code":"uri_does_not_exist","codeDescription":{"href":"https://dart.dev/diagnostics/uri_does_not_exist"},"message":"Target of URI doesn't exist: 'package:counter/frame_widgets.dart'.\nTry creating the file referenced by the URI, or try using a URI for a file that does exist.","range":{"end":{"character":43,"line":0},"start":{"character":7,"line":0}},"severity":1,"source":"dart"},{"code":"uri_does_not_exist","codeDescription":{"href":"https://dart.dev/diagnostics/uri_does_not_exist"},"message":"Target of URI doesn't exist: 'package:flutter/material.dart'.\nTry creating the file referenced by the URI, or try using a URI for a file that does exist.","range":{"end":{"character":38,"line":1},"start":{"character":7,"line":1}},"severity":1,"source":"dart"},{"code":"extends_non_class","codeDescription":{"href":"https://dart.dev/diagnostics/extends_non_class"},"message":"Classes can only extend other classes.\nTry specifying a different superclass, or removing the extends clause.","range":{"end":{"character":35,"line":7},"start":{"character":20,"line":7}},"severity":1,"source":"dart"},{"code":"undefined_class","codeDescription":{"href":"https://dart.dev/diagnostics/undefined_class"},"message":"Undefined class 'BuildContext'.\nTry changing the name to the name of an existing class, or creating a class with the name 'BuildContext'.","range":{"end":{"character":27,"line":12},"start":{"character":15,"line":12}},"severity":1,"source":"dart"},{"code":"undefined_class","codeDescription":{"href":"https://dart.dev/diagnostics/undefined_class"},"message":"Undefined class 'Widget'.\nTry changing the name to the name of an existing class, or creating a class with the name 'Widget'.","range":{"end":{"character":8,"line":12},"start":{"character":2,"line":12}},"severity":1,"source":"dart"},{"code":"extends_non_class","codeDescription":{"href":"https://dart.dev/diagnostics/extends_non_class"},"message"…
[12:17:09 PM] [Analyzer] [Info] <== Content-Length: 10366
Content-Type: application/vscode-jsonrpc; charset=utf-8
[12:17:09 PM] [Analyzer] [Info] <== {"jsonrpc":"2.0","method":"textDocument/publishDiagnostics","params":{"diagnostics":[{"code":"uri_does_not_exist","codeDescription":{"href":"https://dart.dev/diagnostics/uri_does_not_exist"},"message":"Target of URI doesn't exist: 'package:flutter/material.dart'.\nTry creating the file referenced by the URI, or try using a URI for a file that does exist.","range":{"end":{"character":38,"line":0},"start":{"character":7,"line":0}},"severity":1,"source":"dart"},{"code":"extends_non_class","codeDescription":{"href":"https://dart.dev/diagnostics/extends_non_class"},"message":"Classes can only extend other classes.\nTry specifying a different superclass, or removing the extends clause.","range":{"end":{"character":41,"line":2},"start":{"character":26,"line":2}},"severity":1,"source":"dart"},{"code":"undefined_class","codeDescription":{"href":"https://dart.dev/diagnostics/undefined_class"},"message":"Undefined class 'BuildContext'.\nTry changing the name to the name of an existing class, or creating a class with the name 'BuildContext'.","range":{"end":{"character":27,"line":8},"start":{"character":15,"line":8}},"severity":1,"source":"dart"},{"code":"undefined_class","codeDescription":{"href":"https://dart.dev/diagnostics/undefined_class"},"message":"Undefined class 'Widget'.\nTry changing the name to the name of an existing class, or creating a class with the name 'Widget'.","range":{"end":{"character":8,"line":8},"start":{"character":2,"line":8}},"severity":1,"source":"dart"},{"code":"extends_non_class","codeDescription":{"href":"https://dart.dev/diagnostics/extends_non_class"},"message":"Classes can only extend other classes.\nTry specifying a different superclass, or removing the extends clause.","range":{"end":{"character":37,"line":18},"start":{"character":22,"line":18}},"severity":1,"source":"dart"},{"code":"undefined_class","codeDescription":{"href":"https://dart.dev/diagnostics/undefined_class"},"message":"Undefined class 'BuildContext'.\nTry changing the name…
[12:17:09 PM] [Analyzer] [Info] <== ":48},"start":{"character":11,"line":48}},"severity":1,"source":"dart"},{"code":"super_formal_parameter_without_associated_named","codeDescription":{"href":"https://dart.dev/diagnostics/super_formal_parameter_without_associated_named"},"message":"No associated named super constructor parameter.\nTry changing the name to the name of an existing named super constructor parameter, or creating such named parameter.","range":{"end":{"character":30,"line":3},"start":{"character":27,"line":3}},"severity":1,"source":"dart"},{"code":"override_on_non_overriding_member","codeDescription":{"href":"https://dart.dev/diagnostics/override_on_non_overriding_member"},"message":"The method doesn't override an inherited method.\nTry updating this class to match the superclass, or removing the override annotation.","range":{"end":{"character":14,"line":8},"start":{"character":9,"line":8}},"severity":2,"source":"dart"},{"code":"override_on_non_overriding_member","codeDescription":{"href":"https://dart.dev/diagnostics/override_on_non_overriding_member"},"message":"The method doesn't override an inherited method.\nTry updating this class to match the superclass, or removing the override annotation.","range":{"end":{"character":14,"line":22},"start":{"character":9,"line":22}},"severity":2,"source":"dart"},{"code":"override_on_non_overriding_member","codeDescription":{"href":"https://dart.dev/diagnostics/override_on_non_overriding_member"},"message":"The method doesn't override an inherited method.\nTry updating this class to match the superclass, or removing the override annotation.","range":{"end":{"character":14,"line":34},"start":{"character":9,"line":34}},"severity":2,"source":"dart"},{"code":"override_on_non_overriding_member","codeDescription":{"href":"https://dart.dev/diagnostics/override_on_non_overriding_member"},"message":"The method doesn't override an inherited method.\nTry updating this class to match the superclass, or removing the override annotation.","range":{"end":{"ch…
[12:17:09 PM] [Analyzer] [Info] <== Content-Length: 93
Content-Type: application/vscode-jsonrpc; charset=utf-8

{"jsonrpc":"2.0","method":"$/progress","params":{"token":"ANALYZING","value":{"kind":"end"}}}
[12:17:10 PM] [Analyzer] [Info] <== Content-Length: 98
Content-Type: application/vscode-jsonrpc; charset=utf-8
[12:17:10 PM] [Analyzer] [Info] <== {"id":69,"jsonrpc":"2.0","method":"window/workDoneProgress/create","params":{"token":"ANALYZING"}}
[12:17:10 PM] [Analyzer] [Info] ==> Content-Length: 73
[12:17:10 PM] [Analyzer] [Info] ==> {"jsonrpc":"2.0","id":69,"result":null,"clientRequestTime":1717701430176}
[12:17:10 PM] [Analyzer] [Info] <== Content-Length: 175
Content-Type: application/vscode-jsonrpc; charset=utf-8
[12:17:10 PM] [Analyzer] [Info] <== {"jsonrpc":"2.0","method":"textDocument/publishDiagnostics","params":{"diagnostics":[],"uri":"file:///Users/polinach/_/gen-ui-client-demo/rfw_renderer/test/widget_test.dart"}}
[12:17:10 PM] [Analyzer] [Info] <== Content-Length: 167
Content-Type: application/vscode-jsonrpc; charset=utf-8

{"jsonrpc":"2.0","method":"textDocument/publishDiagnostics","params":{"diagnostics":[],"uri":"file:///Users/polinach/_/gen-ui-client-demo/rfw_renderer/lib/main.dart"}}
[12:17:10 PM] [Analyzer] [Info] <== Content-Length: 176
Content-Type: application/vscode-jsonrpc; charset=utf-8
[12:17:10 PM] [Analyzer] [Info] <== {"jsonrpc":"2.0","method":"textDocument/publishDiagnostics","params":{"diagnostics":[],"uri":"file:///Users/polinach/_/gen-ui-client-demo/rfw_renderer/lib/frame_widgets.dart"}}
[12:17:10 PM] [Analyzer] [Info] <== Content-Length: 118
Content-Type: application/vscode-jsonrpc; charset=utf-8
[12:17:10 PM] [Analyzer] [Info] <== {"jsonrpc":"2.0","method":"$/progress","params":{"token":"ANALYZING","value":{"kind":"begin","title":"Analyzing…"}}}
[12:17:10 PM] [Analyzer] [Info] <== Content-Length: 93
Content-Type: application/vscode-jsonrpc; charset=utf-8
[12:17:10 PM] [Analyzer] [Info] <== {"jsonrpc":"2.0","method":"$/progress","params":{"token":"ANALYZING","value":{"kind":"end"}}}
[12:17:45 PM] [Analyzer] [Info] <== Content-Length: 98
Content-Type: application/vscode-jsonrpc; charset=utf-8
[12:17:45 PM] [Analyzer] [Info] <== {"id":70,"jsonrpc":"2.0","method":"window/workDoneProgress/create","params":{"token":"ANALYZING"}}
[12:17:45 PM] [Analyzer] [Info] ==> Content-Length: 73
[12:17:45 PM] [Analyzer] [Info] ==> {"jsonrpc":"2.0","id":70,"result":null,"clientRequestTime":1717701465448}
[12:17:45 PM] [Analyzer] [Info] <== Content-Length: 118
Content-Type: application/vscode-jsonrpc; charset=utf-8
[12:17:45 PM] [Analyzer] [Info] <== {"jsonrpc":"2.0","method":"$/progress","params":{"token":"ANALYZING","value":{"kind":"begin","title":"Analyzing…"}}}
[12:17:45 PM] [Analyzer] [Info] ==> Content-Length: 98
[12:17:45 PM] [Analyzer] [Info] ==> {"jsonrpc":"2.0","method":"$/setTrace","params":{"value":"off"},"clientRequestTime":1717701465484}
[12:17:45 PM] [Analyzer] [Info] ==> Content-Length: 122
[12:17:45 PM] [Analyzer] [Info] ==> {"jsonrpc":"2.0","method":"workspace/didChangeConfiguration","params":{"settings":null},"clientRequestTime":1717701465484}
[12:17:45 PM] [Analyzer] [Info] <== Content-Length: 176
Content-Type: application/vscode-jsonrpc; charset=utf-8

{"id":71,"jsonrpc":"2.0","method":"workspace/configuration","params":{"items":[{"scopeUri":"file:///Users/polinach/_/gen-ui-client-demo","section":"dart"},{"section":"dart"}]}}
[12:17:45 PM] [Analyzer] [Info] ==> Content-Length: 7734
[12:17:45 PM] [Analyzer] [Info] ==> {"jsonrpc":"2.0","id":71,"result":[{"additionalAnalyzerFileExtensions":[],"analysisExcludedFolders":[],"analyzeAngularTemplates":true,"analyzerAdditionalArgs":[],"analyzerVmAdditionalArgs":[],"analyzerDiagnosticsPort":null,"analyzerPath":null,"analyzerSshHost":null,"analyzerVmServicePort":null,"includeDependenciesInWorkspaceSymbols":true,"notifyAnalyzerErrors":true,"onlyAnalyzeProjectsWithOpenFiles":false,"showTodos":false,"showExtensionRecommendations":true,"useLegacyAnalyzerProtocol":false,"updateDevTools":false,"devToolsBrowser":"chrome","devToolsPort":null,"devToolsReuseWindows":true,"devToolsTheme":"dark","devToolsLocation":{"default":"beside"},"openDevTools":"never","closeDevTools":"never","shareDevToolsWithFlutter":true,"showInspectorNotificationsForWidgetErrors":true,"customDevTools":{},"analysisServerFolding":true,"autoImportCompletions":true,"automaticCommentSlashes":"tripleSlash","closingLabels":true,"completeFunctionCalls":true,"documentation":"full","doNotFormat":[],"hotReloadPatterns":[],"enableCompletionCommitCharacters":false,"enableSdkFormatter":true,"enableSnippets":true,"insertArgumentPlaceholders":true,"lineLength":80,"lspSnippetTextEdits":true,"renameFilesWithClasses":"never","showDartPadSampleCodeLens":true,"showMainCodeLens":true,"showTestCodeLens":true,"updateImportsOnRename":true,"warnWhenEditingFilesOutsideWorkspace":true,"warnWhenEditingFilesInPubCache":true,"flutterAdbConnectOnChromeOs":false,"flutterAdditionalArgs":[],"flutterAttachAdditionalArgs":[],"flutterCreateAndroidLanguage":"kotlin","flutterCreateIOSLanguage":"swift","flutterCreatePlatforms":null,"offline":false,"flutterCreateOrganization":null,"flutterCustomEmulators":[],"flutterGutterIcons":true,"flutterHotReloadOnSave":"manual","hotReloadOnSave":"never","flutterGenerateLocalizationsOnSave":"never","flutterOutline":true,"flutterRunAdditionalArgs":[],"flutterScreenshotPath":null,"flutterRememberSelectedDevice":true,"flutterSelectDeviceWhenConnected":true,"flutterShowEmulators…
[12:17:45 PM] [Analyzer] [Info] <== Content-Length: 93
Content-Type: application/vscode-jsonrpc; charset=utf-8

{"jsonrpc":"2.0","method":"$/progress","params":{"token":"ANALYZING","value":{"kind":"end"}}}
[12:18:09 PM] [Analyzer] [Info] ==> Content-Length: 98
[12:18:09 PM] [Analyzer] [Info] ==> {"jsonrpc":"2.0","method":"$/setTrace","params":{"value":"off"},"clientRequestTime":1717701489405}
[12:18:09 PM] [Analyzer] [Info] ==> Content-Length: 122
[12:18:09 PM] [Analyzer] [Info] ==> {"jsonrpc":"2.0","method":"workspace/didChangeConfiguration","params":{"settings":null},"clientRequestTime":1717701489405}
[12:18:09 PM] [Analyzer] [Info] <== Content-Length: 176
Content-Type: application/vscode-jsonrpc; charset=utf-8

{"id":72,"jsonrpc":"2.0","method":"workspace/configuration","params":{"items":[{"scopeUri":"file:///Users/polinach/_/gen-ui-client-demo","section":"dart"},{"section":"dart"}]}}
[12:18:09 PM] [Analyzer] [Info] ==> Content-Length: 7734
[12:18:09 PM] [Analyzer] [Info] ==> {"jsonrpc":"2.0","id":72,"result":[{"additionalAnalyzerFileExtensions":[],"analysisExcludedFolders":[],"analyzeAngularTemplates":true,"analyzerAdditionalArgs":[],"analyzerVmAdditionalArgs":[],"analyzerDiagnosticsPort":null,"analyzerPath":null,"analyzerSshHost":null,"analyzerVmServicePort":null,"includeDependenciesInWorkspaceSymbols":true,"notifyAnalyzerErrors":true,"onlyAnalyzeProjectsWithOpenFiles":false,"showTodos":false,"showExtensionRecommendations":true,"useLegacyAnalyzerProtocol":false,"updateDevTools":false,"devToolsBrowser":"chrome","devToolsPort":null,"devToolsReuseWindows":true,"devToolsTheme":"dark","devToolsLocation":{"default":"beside"},"openDevTools":"never","closeDevTools":"never","shareDevToolsWithFlutter":true,"showInspectorNotificationsForWidgetErrors":true,"customDevTools":{},"analysisServerFolding":true,"autoImportCompletions":true,"automaticCommentSlashes":"tripleSlash","closingLabels":true,"completeFunctionCalls":true,"documentation":"full","doNotFormat":[],"hotReloadPatterns":[],"enableCompletionCommitCharacters":false,"enableSdkFormatter":true,"enableSnippets":true,"insertArgumentPlaceholders":true,"lineLength":80,"lspSnippetTextEdits":true,"renameFilesWithClasses":"never","showDartPadSampleCodeLens":true,"showMainCodeLens":true,"showTestCodeLens":true,"updateImportsOnRename":true,"warnWhenEditingFilesOutsideWorkspace":true,"warnWhenEditingFilesInPubCache":true,"flutterAdbConnectOnChromeOs":false,"flutterAdditionalArgs":[],"flutterAttachAdditionalArgs":[],"flutterCreateAndroidLanguage":"kotlin","flutterCreateIOSLanguage":"swift","flutterCreatePlatforms":null,"offline":false,"flutterCreateOrganization":null,"flutterCustomEmulators":[],"flutterGutterIcons":true,"flutterHotReloadOnSave":"manual","hotReloadOnSave":"never","flutterGenerateLocalizationsOnSave":"never","flutterOutline":true,"flutterRunAdditionalArgs":[],"flutterScreenshotPath":null,"flutterRememberSelectedDevice":true,"flutterSelectDeviceWhenConnected":true,"flutterShowEmulators…
[12:18:09 PM] [Analyzer] [Info] <== Content-Length: 98
Content-Type: application/vscode-jsonrpc; charset=utf-8
[12:18:09 PM] [Analyzer] [Info] <== {"id":73,"jsonrpc":"2.0","method":"window/workDoneProgress/create","params":{"token":"ANALYZING"}}
[12:18:09 PM] [Analyzer] [Info] ==> Content-Length: 73
[12:18:09 PM] [Analyzer] [Info] ==> {"jsonrpc":"2.0","id":73,"result":null,"clientRequestTime":1717701489573}
[12:18:09 PM] [Analyzer] [Info] <== Content-Length: 118
Content-Type: application/vscode-jsonrpc; charset=utf-8
[12:18:09 PM] [Analyzer] [Info] <== {"jsonrpc":"2.0","method":"$/progress","params":{"token":"ANALYZING","value":{"kind":"begin","title":"Analyzing…"}}}
[12:18:09 PM] [Analyzer] [Info] <== Content-Length: 93
Content-Type: application/vscode-jsonrpc; charset=utf-8

{"jsonrpc":"2.0","method":"$/progress","params":{"token":"ANALYZING","value":{"kind":"end"}}}
[12:21:07 PM] [Analyzer] [Info] <== Content-Length: 98
Content-Type: application/vscode-jsonrpc; charset=utf-8
[12:21:07 PM] [Analyzer] [Info] <== {"id":74,"jsonrpc":"2.0","method":"window/workDoneProgress/create","params":{"token":"ANALYZING"}}
[12:21:07 PM] [Analyzer] [Info] ==> Content-Length: 73
[12:21:07 PM] [Analyzer] [Info] ==> {"jsonrpc":"2.0","id":74,"result":null,"clientRequestTime":1717701667654}
[12:21:07 PM] [Analyzer] [Info] <== Content-Length: 118
Content-Type: application/vscode-jsonrpc; charset=utf-8
[12:21:07 PM] [Analyzer] [Info] <== {"jsonrpc":"2.0","method":"$/progress","params":{"token":"ANALYZING","value":{"kind":"begin","title":"Analyzing…"}}}
[12:21:07 PM] [Analyzer] [Info] <== Content-Length: 93
Content-Type: application/vscode-jsonrpc; charset=utf-8

{"jsonrpc":"2.0","method":"$/progress","params":{"token":"ANALYZING","value":{"kind":"end"}}}
[12:21:09 PM] [Analyzer] [Info] <== Content-Length: 98
Content-Type: application/vscode-jsonrpc; charset=utf-8

{"id":75,"jsonrpc":"2.0","method":"window/workDoneProgress/create","params":{"token":"ANALYZING"}}
[12:21:09 PM] [Analyzer] [Info] ==> Content-Length: 73
[12:21:09 PM] [Analyzer] [Info] ==> {"jsonrpc":"2.0","id":75,"result":null,"clientRequestTime":1717701669422}
[12:21:09 PM] [Analyzer] [Info] <== Content-Length: 118
Content-Type: application/vscode-jsonrpc; charset=utf-8
[12:21:09 PM] [Analyzer] [Info] <== {"jsonrpc":"2.0","method":"$/progress","params":{"token":"ANALYZING","value":{"kind":"begin","title":"Analyzing…"}}}Content-Length: 93
Content-Type: application/vscode-jsonrpc; charset=utf-8
[12:21:09 PM] [Analyzer] [Info] <== {"jsonrpc":"2.0","method":"$/progress","params":{"token":"ANALYZING","value":{"kind":"end"}}}
[12:21:11 PM] [Analyzer] [Info] <== Content-Length: 98
Content-Type: application/vscode-jsonrpc; charset=utf-8
[12:21:11 PM] [Analyzer] [Info] <== {"id":76,"jsonrpc":"2.0","method":"window/workDoneProgress/create","params":{"token":"ANALYZING"}}
[12:21:11 PM] [Analyzer] [Info] ==> Content-Length: 73
[12:21:11 PM] [Analyzer] [Info] ==> {"jsonrpc":"2.0","id":76,"result":null,"clientRequestTime":1717701671049}
[12:21:11 PM] [Analyzer] [Info] <== Content-Length: 118
Content-Type: application/vscode-jsonrpc; charset=utf-8
[12:21:11 PM] [Analyzer] [Info] <== {"jsonrpc":"2.0","method":"$/progress","params":{"token":"ANALYZING","value":{"kind":"begin","title":"Analyzing…"}}}Content-Length: 93
Content-Type: application/vscode-jsonrpc; charset=utf-8

{"jsonrpc":"2.0","method":"$/progress","params":{"token":"ANALYZING","value":{"kind":"end"}}}
